Hadaf: ( forward )  Cycle: 14993
Hadaf: ( turnr )  Cycle: 14993
Hadaf: ( stop )  Cycle: 14784
Hadaf: ( forward )  Cycle: 14784
Hadaf: ( forward )  Cycle: 14784
Hadaf: ( turnr )  Cycle: 14784
Hadaf: ( stop )  Cycle: 14739
Hadaf: ( forward )  Cycle: 14739
Hadaf: ( stop )  Cycle: 14739
Hadaf: ( forward )  Cycle: 14739
Hadaf: ( turnr )  Cycle: 14739
Hadaf: ( stop )  Cycle: 14725
Hadaf: ( shoot )  Cycle: 14725
Hadaf: ( forward )  Cycle: 14725
Hadaf: ( stop )  Cycle: 14725
Hadaf: ( forward )  Cycle: 14725
Hadaf: ( turnl )  Cycle: 14725
Hadaf: ( stop )  Cycle: 14712
Hadaf: ( forward )  Cycle: 14712
Hadaf: ( turnr )  Cycle: 14712
Hadaf: ( shoot )  Cycle: 14706
Hadaf: ( stop )  Cycle: 14699
Hadaf: ( forward )  Cycle: 14699
Hadaf: ( turnl )  Cycle: 14699
Hadaf: ( stop )  Cycle: 14693
Hadaf: ( forward )  Cycle: 14693
Hadaf: ( stop )  Cycle: 14693
Hadaf: ( forward )  Cycle: 14693
Hadaf: ( turnr )  Cycle: 14693
Hadaf: ( shoot )  Cycle: 14693
Hadaf: ( stop )  Cycle: 14686
Hadaf: ( forward )  Cycle: 14686
Hadaf: ( stop )  Cycle: 14686
Hadaf: ( forward )  Cycle: 14686
Hadaf: ( turnl )  Cycle: 14686
Hadaf: ( stop )  Cycle: 14673
Hadaf: ( forward )  Cycle: 14673
Hadaf: ( turnr )  Cycle: 14673
Hadaf: ( shoot )  Cycle: 14659
Hadaf: ( stop )  Cycle: 14653
Hadaf: ( forward )  Cycle: 14653
Hadaf: ( turnl )  Cycle: 14653
Hadaf: ( stop )  Cycle: 14646
Hadaf: ( forward )  Cycle: 14646
Hadaf: ( stop )  Cycle: 14646
Hadaf: ( forward )  Cycle: 14646
Hadaf: ( turnr )  Cycle: 14646
Hadaf: ( shoot )  Cycle: 14646
Hadaf: ( stop )  Cycle: 14633
Hadaf: ( forward )  Cycle: 14633
Hadaf: ( turnl )  Cycle: 14633
Hadaf: ( stop )  Cycle: 14620
Hadaf: ( shoot )  Cycle: 14620
Hadaf: ( forward )  Cycle: 14620
Hadaf: ( turnl )  Cycle: 14620
Hadaf: ( stop )  Cycle: 14614
Hadaf: ( forward )  Cycle: 14614
Hadaf: ( stop )  Cycle: 14614
Hadaf: ( forward )  Cycle: 14614
Hadaf: ( turnr )  Cycle: 14614
Hadaf: ( shoot )  Cycle: 14607
Hadaf: ( stop )  Cycle: 14600
Hadaf: ( forward )  Cycle: 14600
Hadaf: ( turnl )  Cycle: 14600
Hadaf: ( stop )  Cycle: 14587
Hadaf: ( shoot )  Cycle: 14587
Hadaf: ( turnr )  Cycle: 14587
Hadaf: ( stop )  Cycle: 14574
Hadaf: ( forward )  Cycle: 14574
Hadaf: ( turnl )  Cycle: 14574
Hadaf: ( shoot )  Cycle: 14574
Hadaf: ( stop )  Cycle: 14561
Hadaf: ( forward )  Cycle: 14561
Hadaf: ( backward )  Cycle: 14561
Hadaf: ( turnr )  Cycle: 14561
Hadaf: ( shoot )  Cycle: 14555
Hadaf: ( stop )  Cycle: 14548
Hadaf: ( forward )  Cycle: 14548
Hadaf: ( turnl )  Cycle: 14548
Hadaf: ( shoot )  Cycle: 14535
Hadaf: ( stop )  Cycle: 14535
Hadaf: ( forward )  Cycle: 14535
Hadaf: ( backward )  Cycle: 14535
Hadaf: ( stop )  Cycle: 14535
Hadaf: ( forward )  Cycle: 14535
Hadaf: ( turnl )  Cycle: 14535
Hadaf: ( stop )  Cycle: 14522
Hadaf: ( forward )  Cycle: 14522
Hadaf: ( backward )  Cycle: 14522
Hadaf: ( turnr )  Cycle: 14522
Hadaf: ( stop )  Cycle: 14509
Hadaf: ( shoot )  Cycle: 14509
Hadaf: ( forward )  Cycle: 14509
Hadaf: ( turnl )  Cycle: 14509
Hadaf: ( stop )  Cycle: 14502
Hadaf: ( forward )  Cycle: 14502
Hadaf: ( backward )  Cycle: 14502
Hadaf: ( stop )  Cycle: 14502
Hadaf: ( forward )  Cycle: 14502
Hadaf: ( turnr )  Cycle: 14502
Hadaf: ( shoot )  Cycle: 14496
Hadaf: ( stop )  Cycle: 14489
Hadaf: ( forward )  Cycle: 14489
Hadaf: ( backward )  Cycle: 14489
Hadaf: ( turnl )  Cycle: 14489
Hadaf: ( shoot )  Cycle: 14482
Hadaf: ( stop )  Cycle: 14475
Hadaf: ( forward )  Cycle: 14475
Hadaf: ( turnr )  Cycle: 14475
Hadaf: ( stop )  Cycle: 14462
Hadaf: ( forward )  Cycle: 14462
Hadaf: ( backward )  Cycle: 14462
Hadaf: ( turnl )  Cycle: 14462
Hadaf: ( shoot )  Cycle: 14462
Hadaf: ( stop )  Cycle: 14449
Hadaf: ( turnr )  Cycle: 14449
Hadaf: ( shoot )  Cycle: 14443
Hadaf: ( stop )  Cycle: 14436
Hadaf: ( forward )  Cycle: 14436
Hadaf: ( turnl )  Cycle: 14436
Hadaf: ( shoot )  Cycle: 14430
Hadaf: ( stop )  Cycle: 14423
Hadaf: ( forward )  Cycle: 14423
Hadaf: ( backward )  Cycle: 14423
Hadaf: ( turnr )  Cycle: 14423
Hadaf: ( stop )  Cycle: 14410
Hadaf: (Hadaf: ( forward )  Cycle: 14993
Hadaf: ( turnl )  Cycle: 14993
Hadaf: ( stop )  Cycle: 14915
Hadaf: ( forward )  Cycle: 14915
Hadaf: ( forward )  Cycle: 14915
Hadaf: ( turnl )  Cycle: 14915
Hadaf: ( stop )  Cycle: 14856
Hadaf: ( forward )  Cycle: 14856
Hadaf: ( turnr )  Cycle: 14856
Hadaf: ( stop )  Cycle: 14843
Hadaf: ( forward )  Cycle: 14843
Hadaf: ( turnl )  Cycle: 14843
Hadaf: ( stop )  Cycle: 14771
Hadaf: ( forward )  Cycle: 14771
Hadaf: ( backward )  Cycle: 14771
Hadaf: ( stop )  Cycle: 14771
Hadaf: ( forward )  Cycle: 14771
Hadaf: ( turnr )  Cycle: 14771
Hadaf: ( shoot )  Cycle: 14560
Hadaf: ( shoot )  Cycle: 14560
Hadaf: ( shoot )  Cycle: 14554
Hadaf: ( shoot )  Cycle: 14554
Hadaf: ( stop )  Cycle: 14469
Hadaf: ( forward )  Cycle: 14469
Hadaf: ( turnl )  Cycle: 14469
Hadaf: ( stop )  Cycle: 14456
Hadaf: ( turnr )  Cycle: 14456
Hadaf: ( stop )  Cycle: 14443
Hadaf: ( forward )  Cycle: 14443
Hadaf: ( turnl )  Cycle: 14443
Hadaf: ( stop )  Cycle: 14337
Hadaf: ( forward )  Cycle: 14337
Hadaf: ( turnr )  Cycle: 14337
Hadaf: ( stop )  Cycle: 14324
Hadaf: ( forward )  Cycle: 14324
Hadaf: ( turnl )  Cycle: 14324
Hadaf: ( stop )  Cycle: 14290
Hadaf: ( forward )  Cycle: 14290
Hadaf: ( stop )  Cycle: 14290
Hadaf: ( forward )  Cycle: 14290
Hadaf: ( turnl )  Cycle: 14290
Hadaf: ( shoot )  Cycle: 14283
Hadaf: ( shoot )  Cycle: 14283
Hadaf: ( stop )  Cycle: 14277
Hadaf: ( forward )  Cycle: 14277
Hadaf: ( stop )  Cycle: 14277
Hadaf: ( forward )  Cycle: 14277
Hadaf: ( turnr )  Cycle: 14277
Hadaf: ( shoot )  Cycle: 14277
Hadaf: ( shoot )  Cycle: 14277
Hadaf: ( shoot )  Cycle: 14271
Hadaf: ( shoot )  Cycle: 14271
Hadaf: ( stop )  Cycle: 14264
Hadaf: ( forward )  Cycle: 14264
Hadaf: ( stop )  Cycle: 14264
Hadaf: ( forward )  Cycle: 14264
Hadaf: ( turnl )  Cycle: 14264
Hadaf: ( shoot )  Cycle: 14264
Hadaf: ( shoot )  Cycle: 14264
Hadaf: ( shoot )  Cycle: 14257
Hadaf: ( shoot )  Cycle: 14257
Hadaf: ( stop )  Cycle: 14250
Hadaf: ( forward )  Cycle: 14250
Hadaf: ( turnr )  Cycle: 14250
Hadaf: ( shoot )  Cycle: 14244
Hadaf: ( shoot )  Cycle: 14244
Hadaf: ( stop )  Cycle: 14238
Hadaf: ( forward )  Cycle: 14238
Hadaf: ( turnl )  Cycle: 14238
Hadaf: ( shoot )  Cycle: 14238
Hadaf: ( shoot )  Cycle: 14238
Hadaf: ( shoot )  Cycle: 14231
Hadaf: ( shoot )  Cycle: 14231
Hadaf: ( stop )  Cycle: 14228
Hadaf: ( forward )  Cycle: 14225
Hadaf: ( stop )  Cycle: 14225
Hadaf: ( forward )  Cycle: 14225
Hadaf: ( turnr )  Cycle: 14225
Hadaf: ( shoot )  Cycle: 14225
Hadaf: ( shoot )  Cycle: 14225
Hadaf: ( shoot )  Cycle: 14218
Hadaf: ( shoot )  Cycle: 14218
Hadaf: ( stop )  Cycle: 14212
Hadaf: ( forward )  Cycle: 14212
Hadaf: ( stop )  Cycle: 14212
Hadaf: ( forward )  Cycle: 14212
Hadaf: ( turnl )  Cycle: 14212
Hadaf: ( shoot )  Cycle: 14212
Hadaf: ( shoot )  Cycle: 14212
Hadaf: ( shoot )  Cycle: 14205
Hadaf: ( shoot )  Cycle: 14204
Hadaf: ( stop )  Cycle: 14198
Hadaf: ( forward )  Cycle: 14198
Hadaf: ( stop )  Cycle: 14198
Hadaf: ( forward )  Cycle: 14198
Hadaf: ( turnr )  Cycle: 14198
Hadaf: ( shoot )  Cycle: 14198
Hadaf: ( shoot )  Cycle: 14186
Hadaf: ( shoot )  Cycle: 14185
Hadaf: ( stop )  Cycle: 14179
Hadaf: ( forward )  Cycle: 14179
Hadaf: ( shoot )  Cycle: 14179
Hadaf: ( stop )  Cycle: 14179
Hadaf: ( forward )  Cycle: 14179
Hadaf: ( turnl )  Cycle: 14179
Hadaf: ( shoot )  Cycle: 14179
Hadaf: ( shoot )  Cycle: 14173
Hadaf: ( shoot )  Cycle: 14173
Hadaf: ( stop )  Cycle: 14166
Hadaf: ( forward )  Cycle: 14166
Hadaf: ( stop )  Cycle: 14166
Hadaf: ( forward )  Cycle: 14166
Hadaf: ( turnr )  Cycle: 14166
Hadaf: ( shoot )  Cycle: 14166
Hadaf: ( shoot )  Cycle: 14166
Hadaf: ( shoot )  Cycle: 14159
Hadaf: ( shoot )  Cycle: 14159
Hadaf: ( stop )  Cycle: 14154
Hadaf: ( forward )  Cycle: 14153
Hadaf: ( stop )  Cycle: 14153
Hadaf: ( forward )  Cycle: 14153
Hadaf: ( turnl )  Cycle: 14153
Hadaf: ( shoot )  Cycle: 14153
Hadaf: ( shoot )  Cycle: 14153
Hadaf: ( shoot )  Cycle: 14147
Hadaf: ( shoot )  Cycle: 14142
Hadaf: ( stop )  Cycle: 14140Hadaf: ( forward )  Cycle: 14993
Hadaf: ( turnl )  Cycle: 14993
Hadaf: ( stop )  Cycle: 14895
Hadaf: ( forward )  Cycle: 14895
Hadaf: ( forward )  Cycle: 14895
Hadaf: ( turnl )  Cycle: 14895
Hadaf: ( stop )  Cycle: 14842
Hadaf: ( forward )  Cycle: 14842
Hadaf: ( stop )  Cycle: 14842
Hadaf: ( forward )  Cycle: 14842
Hadaf: ( turnl )  Cycle: 14842
Hadaf: ( stop )  Cycle: 14790
Hadaf: ( forward )  Cycle: 14790
Hadaf: ( stop )  Cycle: 14790
Hadaf: ( forward )  Cycle: 14790
Hadaf: ( turnr )  Cycle: 14790
Hadaf: ( shoot )  Cycle: 14571
Hadaf: ( shoot )  Cycle: 14571
Hadaf: ( shoot )  Cycle: 14571
Hadaf: ( shoot )  Cycle: 14571
Hadaf: ( shoot )  Cycle: 14571
Hadaf: ( shoot )  Cycle: 14571
Hadaf: ( shoot )  Cycle: 14571
Hadaf: ( shoot )  Cycle: 14571
Hadaf: ( shoot )  Cycle: 14571
Hadaf: ( shoot )  Cycle: 14571
Hadaf: ( shoot )  Cycle: 14571
Hadaf: ( shoot )  Cycle: 14571
Hadaf: ( shoot )  Cycle: 14571
Hadaf: ( shoot )  Cycle: 14571
Hadaf: ( shoot )  Cycle: 14571
Hadaf: ( shoot )  Cycle: 14571
Hadaf: ( shoot )  Cycle: 14571
Hadaf: ( shoot )  Cycle: 14571
Hadaf: ( shoot )  Cycle: 14571
Hadaf: ( shoot )  Cycle: 14571
Hadaf: ( shoot )  Cycle: 14571
Hadaf: ( shoot )  Cycle: 14571
Hadaf: ( shoot )  Cycle: 14571
Hadaf: ( shoot )  Cycle: 14571
Hadaf: ( shoot )  Cycle: 14571
Hadaf: ( shoot )  Cycle: 14571
Hadaf: ( shoot )  Cycle: 14571
Hadaf: ( shoot )  Cycle: 14571
Hadaf: ( shoot )  Cycle: 14571
Hadaf: ( shoot )  Cycle: 14571
Hadaf: ( shoot )  Cycle: 14571
Hadaf: ( shoot )  Cycle: 14571
Hadaf: ( shoot )  Cycle: 14571
Hadaf: ( shoot )  Cycle: 14571
Hadaf: ( shoot )  Cycle: 14571
Hadaf: ( shoot )  Cycle: 14571
Hadaf: ( shoot )  Cycle: 14571
Hadaf: ( shoot )  Cycle: 14571
Hadaf: ( shoot )  Cycle: 14571
Hadaf: ( shoot )  Cycle: 14571
Hadaf: ( shoot )  Cycle: 14571
Hadaf: ( shoot )  Cycle: 14571
Hadaf: ( shoot )  Cycle: 14571
Hadaf: ( shoot )  Cycle: 14571
Hadaf: ( shoot )  Cycle: 14571
Hadaf: ( shoot )  Cycle: 14571
Hadaf: ( shoot )  Cycle: 14571
Hadaf: ( shoot )  Cycle: 14571
Hadaf: ( shoot )  Cycle: 14571
Hadaf: ( shoot )  Cycle: 14571
Hadaf: ( shoot )  Cycle: 14571
Hadaf: ( shoot )  Cycle: 14571
Hadaf: ( shoot )  Cycle: 14571
Hadaf: ( shoot )  Cycle: 14571
Hadaf: ( shoot )  Cycle: 14571
Hadaf: ( shoot )  Cycle: 14571
Hadaf: ( shoot )  Cycle: 14571
Hadaf: ( shoot )  Cycle: 14571
Hadaf: ( shoot )  Cycle: 14571
Hadaf: ( shoot )  Cycle: 14571
Hadaf: ( shoot )  Cycle: 14571
Hadaf: ( shoot )  Cycle: 14571
Hadaf: ( shoot )  Cycle: 14571
Hadaf: ( shoot )  Cycle: 14571
Hadaf: ( shoot )  Cycle: 14571
Hadaf: ( shoot )  Cycle: 14571
Hadaf: ( shoot )  Cycle: 14571
Hadaf: ( shoot )  Cycle: 14571
Hadaf: ( shoot )  Cycle: 14571
Hadaf: ( shoot )  Cycle: 14571
Hadaf: ( shoot )  Cycle: 14571
Hadaf: ( shoot )  Cycle: 14571
Hadaf: ( shoot )  Cycle: 14571
Hadaf: ( shoot )  Cycle: 14571
Hadaf: ( shoot )  Cycle: 14571
Hadaf: ( shoot )  Cycle: 14571
Hadaf: ( shoot )  Cycle: 14571
Hadaf: ( shoot )  Cycle: 14571
Hadaf: ( shoot )  Cycle: 14571
Hadaf: ( shoot )  Cycle: 14571
Hadaf: ( shoot )  Cycle: 14571
Hadaf: ( shoot )  Cycle: 14571
Hadaf: ( shoot )  Cycle: 14571
Hadaf: ( shoot )  Cycle: 14571
Hadaf: ( shoot )  Cycle: 14571
Hadaf: ( shoot )  Cycle: 14571
Hadaf: ( shoot )  Cycle: 14571
Hadaf: ( shoot )  Cycle: 14571
Hadaf: ( shoot )  Cycle: 14571
Hadaf: ( shoot )  Cycle: 14571
Hadaf: ( shoot )  Cycle: 14571
Hadaf: ( shoot )  Cycle: 14571
Hadaf: ( shoot )  Cycle: 14571
Hadaf: ( shoot )  Cycle: 14571
Hadaf: ( shoot )  Cycle: 14571
Hadaf: ( shoot )  Cycle: 14571
Hadaf: ( shoot )  Cycle: 14571
Hadaf: ( shoot )  Cycle: 14571
Hadaf: ( shoot )  Cycle: 14571
Hadaf: ( shoot )  Cycle: 14571
Hadaf: ( shoot )  Cycle: 14571
Hadaf: ( shoot )  Cycle: 14571
Hadaf: ( shoot )  Cycle: 14571
Hadaf: ( shoot )  Cycle: 14571
Hadaf: ( shoot )  Cycle: 14571
Hadaf: ( shoot )  Cycle: 14571
Hadaf: ( shoot )  Cycle: 14571
Hadaf: ( shoot )  Cycle: 14571
Hadaf: ( shoot )  Cycle: 14571
Hadaf: ( shoot )  Cycle: 14571
Hadaf: ( shoot )  Cycle: 14571
Hadaf: ( shoot )  Cycle: 14571
Hadaf: ( shoot )  Cycle: 14571
Hadaf: ( shoot )  Cycle: 14571
Hadaf: ( shoot )  Cycle: 14571
Hadaf: ( shoot )  Cycle: 14571
Hadaf: ( shoot )  Cycle: 14565
Hadaf: ( shoot )  Cycle: 14565
Hadaf: ( shoot )  Cycle: 14565
Hadaf: ( shoot )  Cycle: 14565
Hadaf: ( shoot )  Cycle: 14565
Hadaf: ( shoot )  Cycle: 14565
Hadaf: ( shoot )  Cycle: 14565
Hadaf: ( shoot )  Cycle: 14565
Hadaf: ( shoot )  Cycle: 14565
Hadaf: ( shoot )  Cycle: 14565
Hadaf: ( shoot )  Cycle: 14565
Hadaf: ( shoot )  Cycle: 14565
Hadaf: ( shoot )  Cycle: 14565
Hadaf: ( shoot )  Cycle: 14565
Hadaf: ( shoot )  Cycle: 14565
Hadaf: ( shoot )  Cycle: 14565
Hadaf: ( shoot )  Cycle: 14565
Hadaf: ( shoot )  Cycle: 14565
Hadaf: ( shoot )  Cycle: 14565
Hadaf: ( shoot )  Cycle: 14565
Hadaf: ( shoot )  Cycle: 14565
Hadaf: ( shoot )  Cycle: 14565
Hadaf: ( shoot )  Cycle: 14565
Hadaf: ( shoot )  Cycle: 14565
Hadaf: ( shoot )  Cycle: 14565
Hadaf: ( shoot )  Cycle: 14565
Hadaf: ( shoot )  Cycle: 14565
Hadaf: ( shoot )  Cycle: 14565
Hadaf: ( shoot )  Cycle: 14565
Hadaf: ( shoot )  Cycle: 14565
Hadaf: ( shoot )  Cycle: 14565
Hadaf: ( shoot )  Cycle: 14565
Hadaf: ( shoot )  Cycle: 14565
Hadaf: ( shoot )  Cycle: 14565
Hadaf: ( shoot )  Cycle: 14565
Hadaf: ( shoot )  Cycle: 14565
Hadaf: ( shoot )  Cycle: 14565
Hadaf: ( shoot )  Cycle: 14565
Hadaf: ( shoot )  Cycle: 14565
Hadaf: ( shoot )  Cycle: 14565
Hadaf: ( shoot )  Cycle: 14565
Hadaf: ( shoot )  Cycle: 14565
Hadaf: ( shoot )  Cycle: 14565
Hadaf: ( shoot )  Cycle: 14565
Hadaf: ( shoot )  Cycle: 14565
Hadaf: ( shoot )  Cycle: 14565
Hadaf: ( shoot )  Cycle: 14565
Hadaf: ( shoot )  Cycle: 14565
Hadaf: ( shoot )  Cycle: 14565
Hadaf: ( shoot )  Cycle: 14565
Hadaf: ( shoot )  Cycle: 14565
Hadaf: ( shoot )  Cycle: 14565
Hadaf: ( shoot )  Cycle: 14565
Hadaf: ( shoot )  Cycle: 14565
Hadaf: ( shoot )  Cycle: 14565
Hadaf: ( shoot )  Cycle: 14565
Hadaf: ( shoot )  Cycle: 14565
Hadaf: ( shoot )  Cycle: 14565
Hadaf: ( shoot )  Cycle: 14565
Hadaf: ( shoot )  Cycle: 14565
Hadaf: ( shoot )  Cycle: 14565
Hadaf: ( shoot )  Cycle: 14565
Hadaf: ( shoot )  Cycle: 14565
Hadaf: ( shoot )  Cycle: 14565
Hadaf: ( shoot )  Cycle: 14565
Hadaf: ( shoot )  Cycle: 14565
Hadaf: ( shoot )  Cycle: 14565
Hadaf: ( shoot )  Cycle: 14565
Hadaf: ( shoot )  Cycle: 14565
Hadaf: ( shoot )  Cycle: 14565
Hadaf: ( shoot )  Cycle: 14565
Hadaf: ( shoot )  Cycle: 14565
Hadaf: ( shoot )  Cycle: 14565
Hadaf: ( shoot )  Cycle: 14565
Hadaf: ( shoot )  Cycle: 14565
Hadaf: ( shoot )  Cycle: 14565
Hadaf: ( shoot )  Cycle: 14565
Hadaf: ( shoot )  Cycle: 14565
Hadaf: ( shoot )  Cycle: 14565
Hadaf: ( shoot )  Cycle: 14565
Hadaf: ( shoot )  Cycle: 14565
Hadaf: ( shoot )  Cycle: 14565
Hadaf: ( shoot )  Cycle: 14565
Hadaf: ( shoot )  Cycle: 14565
Hadaf: ( shoot )  Cycle: 14565
Hadaf: ( shoot )  Cycle: 14565
Hadaf: ( shoot )  Cycle: 14565
Hadaf: ( shoot )  Cycle: 14565
Hadaf: ( shoot )  Cycle: 14565
Hadaf: ( shoot )  Cycle: 14565
Hadaf: ( shoot )  Cycle: 14565
Hadaf: ( shoot )  Cycle: 14565
Hadaf: ( shoot )  Cycle: 14565
Hadaf: ( shoot )  Cycle: 14565
Hadaf: ( shoot )  Cycle: 14565
Hadaf: ( shoot )  Cycle: 14565
Hadaf: ( shoot )  Cycle: 14565
Hadaf: ( shoot )  Cycle: 14565
Hadaf: ( shoot )  Cycle: 14565
Hadaf: ( shoot )  Cycle: 14565
Hadaf: ( shoot )  Cycle: 14565
Hadaf: ( shoot )  Cycle: 14565
Hadaf: ( shoot )  Cycle: 14565
Hadaf: ( shoot )  Cycle: 14565
Hadaf: ( shoot )  Cycle: 14565
Hadaf: ( shoot )  Cycle: 14565
Hadaf: ( shoot )  Cycle: 14565
Hadaf: ( shoot )  Cycle: 14565
Hadaf: ( shoot )  Cycle: 14565
Hadaf: ( shoot )  Cycle: 14565
Hadaf: ( shoot )  Cycle: 14565
Hadaf: ( shoot )  Cycle: 14565
Hadaf: ( shoot )  Cycle: 14565
Hadaf: ( shoot )  Cycle: 14565
Hadaf: ( shoot )  Cycle: 14565
Hadaf: ( shoot )  Cycle: 14565
Hadaf: ( shoot )  Cycle: 14565
Hadaf: ( shoot )  Cycle: 14565
Hadaf: ( shoot )  Cycle: 14565
Hadaf: ( shoot )  Cycle: 14565
Hadaf: ( shoot )  Cycle: 14565
Hadaf: ( shoot )  Cycle: 14565
Hadaf: ( shoot )  Cycle: 14565
Hadaf: ( shoot )  Cycle: 14565
Hadaf: ( shoot )  Cycle: 14565
Hadaf: ( shoot )  Cycle: 14565
Hadaf: ( shoot )  Cycle: 14565
Hadaf: ( shoot )  Cycle: 14565
Hadaf: ( shoot )  Cycle: 14565
Hadaf: ( shoot )  Cycle: 14565
Hadaf: ( shoot )  Cycle: 14565
Hadaf: ( shoot )  Cycle: 14565
Hadaf: ( shoot )  Cycle: 14565
Hadaf: ( shoot )  Cycle: 14565
Hadaf: ( shoot )  Cycle: 14565
Hadaf: ( shoot )  Cycle: 14565
Hadaf: ( shoot )  Cycle: 14565
Hadaf: ( shoot )  Cycle: 14565
Hadaf: ( shoot )  Cycle: 14565
Hadaf: ( shoot )  Cycle: 14565
Hadaf: ( shoot )  Cycle: 14565
Hadaf: ( shoot )  Cycle: 14565
Hadaf: ( shoot )  Cycle: 14565
Hadaf: ( shoot )  Cycle: 14565
Hadaf: ( shoot )  Cycle: 14565
Hadaf: ( shoot )  Cycle: 14565
Hadaf: ( shoot )  Cycle: 14565
Hadaf: ( shoot )  Cycle: 14565
Hadaf: ( shoot )  Cycle: 14565
Hadaf: ( shoot )  Cycle: 14565
Hadaf: ( shoot )  Cycle: 14565
Hadaf: ( shoot )  Cycle: 14565
Hadaf: ( shoot )  Cycle: 14565
Hadaf: ( shoot )  Cycle: 14565
Hadaf: ( shoot )  Cycle: 14565
Hadaf: ( shoot )  Cycle: 14565
Hadaf: ( shoot )  Cycle: 14565
Hadaf: ( shoot )  Cycle: 14565
Hadaf: ( shoot )  Cycle: 14565
Hadaf: ( shoot )  Cycle: 14565
Hadaf: ( shoot )  Cycle: 14565
Hadaf: ( shoot )  Cycle: 14565
Hadaf: ( shoot )  Cycle: 14565
Hadaf: ( shoot )  Cycle: 14565
Hadaf: ( shoot )  Cycle: 14565
Hadaf: ( shoot )  Cycle: 14565
Hadaf: ( shoot )  Cycle: 14565
Hadaf: ( shoot )  Cycle: 14565
Hadaf: ( shoot )  Cycle: 14565
Hadaf: ( shoot )  Cycle: 14565
Hadaf: ( shoot )  Cycle: 14565
Hadaf: ( shoot )  Cycle: 14565
Hadaf: ( shoot )  Cycle: 14565
Hadaf: ( shoot )  Cycle: 14565
Hadaf: ( shoot )  Cycle: 14565
Hadaf: ( shoot )  Cycle: 14565
Hadaf: ( shoot )  Cycle: 14565
Hadaf: ( shoot )  Cycle: 14565
Hadaf: ( shoot )  Cycle: 14565
Hadaf: ( shoot )  Cycle: 14565
Hadaf: ( shoot )  Cycle: 14565
Hadaf: ( shoot )  Cycle: 14565
Hadaf: ( shoot )  Cycle: 14565
Hadaf: ( shoot )  Cycle: 14565
Hadaf: ( shoot )  Cycle: 14565
Hadaf: ( shoot )  Cycle: 14565
Hadaf: ( shoot )  Cycle: 14565
Hadaf: ( shoot )  Cycle: 14565
Hadaf: ( shoot )  Cycle: 14565
Hadaf: ( shoot )  Cycle: 14565
Hadaf: ( shoot )  Cycle: 14565
Hadaf: ( shoot )  Cycle: 14565
Hadaf: ( shoot )  Cycle: 14565
Hadaf: ( shoot )  Cycle: 14565
Hadaf: ( shoot )  Cycle: 14565
Hadaf: ( shoot )  Cycle: 14565
Hadaf: ( shoot )  Cycle: 14565
Hadaf: ( shoot )  Cycle: 14565
Hadaf: ( shoot )  Cycle: 14565
Hadaf: ( shoot )  Cycle: 14565
Hadaf: ( shoot )  Cycle: 14565
Hadaf: ( shoot )  Cycle: 14565
Hadaf: ( shoot )  Cycle: 14565
Hadaf: ( shoot )  Cycle: 14565
Hadaf: ( shoot )  Cycle: 14565
Hadaf: ( shoot )  Cycle: 14565
Hadaf: ( shoot )  Cycle: 14565
Hadaf: ( shoot )  Cycle: 14565
Hadaf: ( shoot )  Cycle: 14565
Hadaf: ( shoot )  Cycle: 14565
Hadaf: ( shoot )  Cycle: 14565
Hadaf: ( shoot )  Cycle: 14565
Hadaf: ( shoot )  Cycle: 14565
Hadaf: ( shoot )  Cycle: 14565
Hadaf: ( shoot )  Cycle: 14565
Hadaf: ( shoot )  Cycle: 14565
Hadaf: ( shoot )  Cycle: 14565
Hadaf: ( shoot )  Cycle: 14565
Hadaf: ( shoot )  Cycle: 14565
Hadaf: ( shoot )  Cycle: 14565
Hadaf: ( shoot )  Cycle: 14565
Hadaf: ( shoot )  Cycle: 14565
Hadaf: ( shoot )  Cycle: 14565
Hadaf: ( shoot )  Cycle: 14565
Hadaf: ( shoot )  Cycle: 14565
Hadaf: ( shoot )  Cycle: 14565
Hadaf: ( shoot )  Cycle: 14565
Hadaf: ( shoot )  Cycle: 14565
Hadaf: ( shoot )  Cycle: 14565
Hadaf: ( shoot )  Cycle: 14565
Hadaf: ( shoot )  Cycle: 14565
Hadaf: ( shoot )  Cycle: 14565
Hadaf: ( shoot )  Cycle: 14565
Hadaf: ( shoot )  Cycle: 14565
Hadaf: ( shoot )  Cycle: 14565
Hadaf: ( shoot )  Cycle: 14565
Hadaf: ( shoot )  Cycle: 14565
Hadaf: ( shoot )  Cycle: 14565
Hadaf: ( shoot )  Cycle: 14565
Hadaf: ( shoot )  Cycle: 14565
Hadaf: ( shoot )  Cycle: 14565
Hadaf: ( shoot )  Cycle: 14565
Hadaf: ( shoot )  Cycle: 14565
Hadaf: ( shoot )  Cycle: 14565
Hadaf: ( shoot )  Cycle: 14565
Hadaf: ( shoot )  Cycle: 14565
Hadaf: ( shoot )  Cycle: 14565
Hadaf: ( shoot )  Cycle: 14565
Hadaf: ( shoot )  Cycle: 14565
Hadaf: ( shoot )  Cycle: 14565
Hadaf: ( shoot )  Cycle: 14565
Hadaf: ( shoot )  Cycle: 14565
Hadaf: ( shoot )  Cycle: 14565
Hadaf: ( shoot )  Cycle: 14565
Hadaf: ( shoot )  Cycle: 14565
Hadaf: ( shoot )  Cycle: 14565
Hadaf: ( shoot )  Cycle: 14565
Hadaf: ( shoot )  Cycle: 14565
Hadaf: ( shoot )  Cycle: 14565
Hadaf: ( shoot )  Cycle: 14565
Hadaf: ( shoot )  Cycle: 14565
Hadaf: ( shoot )  Cycle: 14565
Hadaf: ( shoot )  Cycle: 14565
Hadaf: ( shoot )  Cycle: 14565
Hadaf: ( shoot )  Cycle: 14565
Hadaf: ( shoot )  Cycle: 14565
Hadaf: ( shoot )  Cycle: 14565
Hadaf: ( shoot )  Cycle: 14565
Hadaf: ( shoot )  Cycle: 14565
Hadaf: ( shoot )  Cycle: 14565
Hadaf: ( shoot )  Cycle: 14565
Hadaf: ( shoot )  Cycle: 14565
Hadaf: ( shoot )  Cycle: 14565
Hadaf: ( shoot )  Cycle: 14565
Hadaf: ( shoot )  Cycle: 14565
Hadaf: ( shoot )  Cycle: 14565
Hadaf: ( shoot )  Cycle: 14565
Hadaf: ( shoot )  Cycle: 14565
Hadaf: ( shoot )  Cycle: 14565
Hadaf: ( shoot )  Cycle: 14565
Hadaf: ( shoot )  Cycle: 14565
Hadaf: ( shoot )  Cycle: 14565
Hadaf: ( shoot )  Cycle: 14565
Hadaf: ( shoot )  Cycle: 14565
Hadaf: ( shoot )  Cycle: 14565
Hadaf: ( shoot )  Cycle: 14558
Hadaf: ( stop )  Cycle: 14420
Hadaf: ( forward )  Cycle: 14420
Hadaf: ( backward )  Cycle: 14420
Hadaf: ( stop )  Cycle: 14420
Hadaf: ( forward )  Cycle: 14420
Hadaf: ( turnl )  Cycle: 14420
Hadaf: ( stop )  Cycle: 14373
Hadaf: ( forward )  Cycle: 14373
Hadaf: ( turnr )  Cycle: 14373
Hadaf: ( stop )  Cycle: 14059
Hadaf: ( forward )  Cycle: 14059
Hadaf: ( turnr )  Cycle: 14059
Hadaf: ( shoot )  Cycle: 14033
Hadaf: ( stop )  Cycle: 14033
Hadaf: ( shoot )  Cycle: 14033
Hadaf: ( forward )  Cycle: 14033
Hadaf: ( shoot )  Cycle: 14033
Hadaf: ( stop )  Cycle: 14033
Hadaf: ( forward )  Cycle: 14033
Hadaf: ( shoot )  Cycle: 14033
Hadaf: ( shoot )  Cycle: 14033
Hadaf: ( shoot )  Cycle: 14033
Hadaf: ( turnr )  Cycle: 14033
Hadaf: ( shoot )  Cycle: 14033
Hadaf: ( shoot )  Cycle: 14033
Hadaf: ( shoot )  Cycle: 14033
Hadaf: ( shoot )  Cycle: 14033
Hadaf: ( shoot )  Cycle: 14033
Hadaf: ( shoot )  Cycle: 14033
Hadaf: ( shoot )  Cycle: 14033
Hadaf: ( shoot )  Cycle: 14033
Hadaf: ( shoot )  Cycle: 14033
Hadaf: ( shoot )  Cycle: 14033
Hadaf: ( shoot )  Cycle: 14033
Hadaf: ( shoot )  Cycle: 14033
Hadaf: ( shoot )  Cycle: 14033
Hadaf: ( shoot )  Cycle: 14033
Hadaf: ( shoot )  Cycle: 14033
Hadaf: ( shoot )  Cycle: 14033
Hadaf: ( shoot )  Cycle: 14033
Hadaf: ( shoot )  Cycle: 14033
Hadaf: ( shoot )  Cycle: 14033
Hadaf: ( shoot )  Cycle: 14033
Hadaf: ( shoot )  Cycle: 14033
Hadaf: ( shoot )  Cycle: 14033
Hadaf: ( shoot )  Cycle: 14033
Hadaf: ( shoot )  Cycle: 14033
Hadaf: ( shoot )  Cycle: 14033
Hadaf: ( shoot )  Cycle: 14033
Hadaf: ( shoot )  Cycle: 14033
Hadaf: ( shoot )  Cycle: 14033
Hadaf: ( shoot )  Cycle: 14033
Hadaf: ( shoot )  Cycle: 14033
Hadaf: ( shoot )  Cycle: 14033
Hadaf: ( shoot )  Cycle: 14033
Hadaf: ( shoot )  Cycle: 14033
Hadaf: ( shoot )  Cycle: 14033
Hadaf: ( shoot )  Cycle: 14033
Hadaf: ( shoot )  Cycle: 14033
Hadaf: ( shoot )  Cycle: 14033
Hadaf: ( shoot )  Cycle: 14033
Hadaf: ( shoot )  Cycle: 14033
Hadaf: ( shoot )  Cycle: 14033
Hadaf: ( shoot )  Cycle: 14033
Hadaf: ( shoot )  Cycle: 14033
Hadaf: ( shoot )  Cycle: 14033
Hadaf: ( shoot )  Cycle: 14033
Hadaf: ( shoot )  Cycle: 14033
Hadaf: ( shoot )  Cycle: 14033
Hadaf: ( shoot )  Cycle: 14033
Hadaf: ( shoot )  Cycle: 14033
Hadaf: ( shoot )  Cycle: 14033
Hadaf: ( shoot )  Cycle: 14033
Hadaf: ( shoot )  Cycle: 14033
Hadaf: ( shoot )  Cycle: 14033
Hadaf: ( shoot )  Cycle: 14033
Hadaf: ( shoot )  Cycle: 14033
Hadaf: ( shoot )  Cycle: 14033
Hadaf: ( shoot )  Cycle: 14033
Hadaf: ( shoot )  Cycle: 14033
Hadaf: ( shoot )  Cycle: 14033
Hadaf: ( shoot )  Cycle: 14033
Hadaf: ( shoot )  Cycle: 14033
Hadaf: ( shoot )  Cycle: 14033
Hadaf: ( shoot )  Cycle: 14033
Hadaf: ( shoot )  Cycle: 14033
Hadaf: ( shoot )  Cycle: 14033
Hadaf: ( shoot )  Cycle: 14033
Hadaf: ( shoot )  Cycle: 14033
Hadaf: ( shoot )  Cycle: 14033
Hadaf: ( shoot )  Cycle: 14033
Hadaf: ( shoot )  Cycle: 14033
Hadaf: ( shoot )  Cycle: 14033
Hadaf: ( shoot )  Cycle: 14033
Hadaf: ( shoot )  Cycle: 14033
Hadaf: ( shoot )  Cycle: 14033
Hadaf: ( shoot )  Cycle: 14033
Hadaf: ( shoot )  Cycle: 14033
Hadaf: ( shoot )  Cycle: 14033
Hadaf: ( shoot )  Cycle: 14033
Hadaf: ( shoot )  Cycle: 14033
Hadaf: ( shoot )  Cycle: 14033
Hadaf: ( shoot )  Cycle: 14033
Hadaf: ( shoot )  Cycle: 14033
Hadaf: ( shoot )  Cycle: 14033
Hadaf: ( shoot )  Cycle: 14033
Hadaf: ( shoot )  Cycle: 14033
Hadaf: ( shoot )  Cycle: 14033
Hadaf: ( shoot )  Cycle: 14033
Hadaf: ( shoot )  Cycle: 14033
Hadaf: ( shoot )  Cycle: 14033
Hadaf: ( shoot )  Cycle: 14033
Hadaf: ( shoot )  Cycle: 14033
Hadaf: ( shoot )  Cycle: 14033
Hadaf: ( shoot )  Cycle: 14033
Hadaf: ( shoot )  Cycle: 14033
Hadaf: ( shoot )  Cycle: 14033
Hadaf: ( shoot )  Cycle: 14033
Hadaf: ( shoot )  Cycle: 14033
Hadaf: ( shoot )  Cycle: 14033
Hadaf: ( shoot )  Cycle: 14033
Hadaf: ( shoot )  Cycle: 14033
Hadaf: ( shoot )  Cycle: 14033
Hadaf: ( shoot )  Cycle: 14033
Hadaf: ( shoot )  Cycle: 14033
Hadaf: ( shoot )  Cycle: 14033
Hadaf: ( shoot )  Cycle: 14033
Hadaf: ( shoot )  Cycle: 14033
Hadaf: ( shoot )  Cycle: 14033
Hadaf: ( shoot )  Cycle: 14033
Hadaf: ( shoot )  Cycle: 14033
Hadaf: ( shoot )  Cycle: 14033
Hadaf: ( shoot )  Cycle: 14033
Hadaf: ( shoot )  Cycle: 14033
Hadaf: ( shoot )  Cycle: 14033
Hadaf: ( shoot )  Cycle: 14033
Hadaf: ( shoot )  Cycle: 14033
Hadaf: ( shoot )  Cycle: 14033
Hadaf: ( shoot )  Cycle: 14033
Hadaf: ( shoot )  Cycle: 14033
Hadaf: ( shoot )  Cycle: 14033
Hadaf: ( shoot )  Cycle: 14033
Hadaf: ( shoot )  Cycle: 14033
Hadaf: ( shoot )  Cycle: 14033
Hadaf: ( shoot )  Cycle: 14033
Hadaf: ( shoot )  Cycle: 14033
Hadaf: ( shoot )  Cycle: 14033
Hadaf: ( shoot )  Cycle: 14033
Hadaf: ( shoot )  Cycle: 14033
Hadaf: ( shoot )  Cycle: 14033
Hadaf: ( shoot )  Cycle: 14033
Hadaf: ( shoot )  Cycle: 14033
Hadaf: ( shoot )  Cycle: 14033
Hadaf: ( shoot )  Cycle: 14033
Hadaf: ( shoot )  Cycle: 14033
Hadaf: ( shoot )  Cycle: 14033
Hadaf: ( shoot )  Cycle: 14033
Hadaf: ( shoot )  Cycle: 14033
Hadaf: ( shoot )  Cycle: 14033
Hadaf: ( shoot )  Cycle: 14033
Hadaf: ( shoot )  Cycle: 14033
Hadaf: ( shoot )  Cycle: 14033
Hadaf: ( shoot )  Cycle: 14033
Hadaf: ( shoot )  Cycle: 14033
Hadaf: ( shoot )  Cycle: 14033
Hadaf: ( shoot )  Cycle: 14033
Hadaf: ( shoot )  Cycle: 14033
Hadaf: ( shoot )  Cycle: 14033
Hadaf: ( shoot )  Cycle: 14033
Hadaf: ( shoot )  Cycle: 14033
Hadaf: ( shoot )  Cycle: 14033
Hadaf: ( shoot )  Cycle: 14033
Hadaf: ( shoot )  Cycle: 14033
Hadaf: ( shoot )  Cycle: 14033
Hadaf: ( shoot )  Cycle: 14033
Hadaf: ( shoot )  Cycle: 14033
Hadaf: ( shoot )  Cycle: 14033
Hadaf: ( shoot )  Cycle: 14033
Hadaf: ( shoot )  Cycle: 14033
Hadaf: ( shoot )  Cycle: 14033
Hadaf: ( shoot )  Cycle: 14033
Hadaf: ( shoot )  Cycle: 14033
Hadaf: ( shoot )  Cycle: 14033
Hadaf: ( shoot )  Cycle: 14033
Hadaf: ( shoot )  Cycle: 14033
Hadaf: ( shoot )  Cycle: 14033
Hadaf: ( shoot )  Cycle: 14033
Hadaf: ( shoot )  Cycle: 14033
Hadaf: ( shoot )  Cycle: 14033
Hadaf: ( shoot )  Cycle: 14033
Hadaf: ( shoot )  Cycle: 14033
Hadaf: ( shoot )  Cycle: 14033
Hadaf: ( shoot )  Cycle: 14033
Hadaf: ( shoot )  Cycle: 14033
Hadaf: ( shoot )  Cycle: 14033
Hadaf: ( shoot )  Cycle: 14033
Hadaf: ( shoot )  Cycle: 14033
Hadaf: ( shoot )  Cycle: 14033
Hadaf: ( shoot )  Cycle: 14033
Hadaf: ( shoot )  Cycle: 14033
Hadaf: ( shoot )  Cycle: 14033
Hadaf: ( shoot )  Cycle: 14033
Hadaf: ( shoot )  Cycle: 14033
Hadaf: ( shoot )  Cycle: 14033
Hadaf: ( shoot )  Cycle: 14033
Hadaf: ( shoot )  Cycle: 14033
Hadaf: ( shoot )  Cycle: 14033
Hadaf: ( shoot )  Cycle: 14033
Hadaf: ( shoot )  Cycle: 14033
Hadaf: ( shoot )  Cycle: 14033
Hadaf: ( shoot )  Cycle: 14033
Hadaf: ( shoot )  Cycle: 14033
Hadaf: ( shoot )  Cycle: 14033
Hadaf: ( shoot )  Cycle: 14033
Hadaf: ( shoot )  Cycle: 14033
Hadaf: ( shoot )  Cycle: 14033
Hadaf: ( shoot )  Cycle: 14033
Hadaf: ( shoot )  Cycle: 14033
Hadaf: ( shoot )  Cycle: 14033
Hadaf: ( shoot )  Cycle: 14033
Hadaf: ( shoot )  Cycle: 14033
Hadaf: ( shoot )  Cycle: 14033
Hadaf: ( shoot )  Cycle: 14033
Hadaf: ( shoot )  Cycle: 14033
Hadaf: ( shoot )  Cycle: 14033
Hadaf: ( shoot )  Cycle: 14033
Hadaf: ( shoot )  Cycle: 14033
Hadaf: ( shoot )  Cycle: 14033
Hadaf: ( shoot )  Cycle: 14033
Hadaf: ( shoot )  Cycle: 14033
Hadaf: ( shoot )  Cycle: 14033
Hadaf: ( shoot )  Cycle: 14033
Hadaf: ( shoot )  Cycle: 14033
Hadaf: ( shoot )  Cycle: 14033
Hadaf: ( shoot )  Cycle: 14033
Hadaf: ( shoot )  Cycle: 14033
Hadaf: ( shoot )  Cycle: 14033
Hadaf: ( shoot )  Cycle: 14033
Hadaf: ( shoot )  Cycle: 14033
Hadaf: ( shoot )  Cycle: 14033
Hadaf: ( shoot )  Cycle: 14033
Hadaf: ( shoot )  Cycle: 14033
Hadaf: ( shoot )  Cycle: 14033
Hadaf: ( shoot )  Cycle: 14033
Hadaf: ( shoot )  Cycle: 14033
Hadaf: ( shoot )  Cycle: 14033
Hadaf: ( shoot )  Cycle: 14033
Hadaf: ( shoot )  Cycle: 14033
Hadaf: ( shoot )  Cycle: 14033
Hadaf: ( shoot )  Cycle: 14033
Hadaf: ( shoot )  Cycle: 14033
Hadaf: ( shoot )  Cycle: 14033
Hadaf: ( shoot )  Cycle: 14033
Hadaf: ( shoot )  Cycle: 14033
Hadaf: ( shoot )  Cycle: 14033
Hadaf: ( shoot )  Cycle: 14033
Hadaf: ( shoot )  Cycle: 14033
Hadaf: ( shoot )  Cycle: 14033
Hadaf: ( shoot )  Cycle: 14033
Hadaf: ( shoot )  Cycle: 14033
Hadaf: ( shoot )  Cycle: 14033
Hadaf: ( shoot )  Cycle: 14033
Hadaf: ( shoot )  Cycle: 14033
Hadaf: ( shoot )  Cycle: 14033
Hadaf: ( shoot )  Cycle: 14033
Hadaf: ( shoot )  Cycle: 14033
Hadaf: ( shoot )  Cycle: 14033
Hadaf: ( shoot )  Cycle: 14033
Hadaf: ( shoot )  Cycle: 14033
Hadaf: ( shoot )  Cycle: 14033
Hadaf: ( shoot )  Cycle: 14033
Hadaf: ( shoot )  Cycle: 14033
Hadaf: ( shoot )  Cycle: 14033
Hadaf: ( shoot )  Cycle: 14033
Hadaf: ( shoot )  Cycle: 14033
Hadaf: ( shoot )  Cycle: 14033
Hadaf: ( shoot )  Cycle: 14033
Hadaf: ( shoot )  Cycle: 14033
Hadaf: ( shoot )  Cycle: 14033
Hadaf: ( shoot )  Cycle: 14033
Hadaf: ( shoot )  Cycle: 14033
Hadaf: ( shoot )  Cycle: 14033
Hadaf: ( shoot )  Cycle: 14033
Hadaf: ( shoot )  Cycle: 14033
Hadaf: ( shoot )  Cycle: 14033
Hadaf: ( shoot )  Cycle: 14033
Hadaf: ( shoot )  Cycle: 14033
Hadaf: ( shoot )  Cycle: 14033
Hadaf: ( shoot )  Cycle: 14033
Hadaf: ( shoot )  Cycle: 14033
Hadaf: ( shoot )  Cycle: 14033
Hadaf: ( shoot )  Cycle: 14033
Hadaf: ( shoot )  Cycle: 14033
Hadaf: ( shoot )  Cycle: 14033
Hadaf: ( shoot )  Cycle: 14033
Hadaf: ( shoot )  Cycle: 14033
Hadaf: ( shoot )  Cycle: 14033
Hadaf: ( shoot )  Cycle: 14033
Hadaf: ( shoot )  Cycle: 14033
Hadaf: ( shoot )  Cycle: 14033
Hadaf: ( shoot )  Cycle: 14033
Hadaf: ( shoot )  Cycle: 14033
Hadaf: ( shoot )  Cycle: 14033
Hadaf: ( shoot )  Cycle: 14033
Hadaf: ( shoot )  Cycle: 14033
Hadaf: ( shoot )  Cycle: 14033
Hadaf: ( shoot )  Cycle: 14033
Hadaf: ( shoot )  Cycle: 14033
Hadaf: ( shoot )  Cycle: 14033
Hadaf: ( shoot )  Cycle: 14033
Hadaf: ( shoot )  Cycle: 14033
Hadaf: ( shoot )  Cycle: 14033
Hadaf: ( shoot )  Cycle: 14033
Hadaf: ( shoot )  Cycle: 14033
Hadaf: ( shoot )  Cycle: 14033
Hadaf: ( shoot )  Cycle: 14033
Hadaf: ( shoot )  Cycle: 14033
Hadaf: ( shoot )  Cycle: 14033
Hadaf: ( shoot )  Cycle: 14033
Hadaf: ( shoot )  Cycle: 14033
Hadaf: ( shoot )  Cycle: 14033
Hadaf: ( shoot )  Cycle: 14033
Hadaf: ( shoot )  Cycle: 14033
Hadaf: ( shoot )  Cycle: 14033
Hadaf: ( shoot )  Cycle: 14033
Hadaf: ( shoot )  Cycle: 14033
Hadaf: ( shoot )  Cycle: 14033
Hadaf: ( shoot )  Cycle: 14033
Hadaf: ( shoot )  Cycle: 14033
Hadaf: ( shoot )  Cycle: 14033
Hadaf: ( shoot )  Cycle: 14033
Hadaf: ( shoot )  Cycle: 14033
Hadaf: ( shoot )  Cycle: 14033
Hadaf: ( shoot )  Cycle: 14033
Hadaf: ( shoot )  Cycle: 14033
Hadaf: ( shoot )  Cycle: 14033
Hadaf: ( shoot )  Cycle: 14033
Hadaf: ( shoot )  Cycle: 14033
Hadaf: ( shoot )  Cycle: 14033
Hadaf: ( shoot )  Cycle: 14033
Hadaf: ( shoot )  Cycle: 14033
Hadaf: ( shoot )  Cycle: 14033
Hadaf: ( shoot )  Cycle: 14032
Hadaf: ( stop )  Cycle: 14030
Hadaf: ( shoot )  Cycle: 14027
Hadaf: ( forward )  Cycle: 14027
Hadaf: ( shoot )  Cycle: 14027
Hadaf: ( stop )  Cycle: 14027
Hadaf: ( shoot )  Cycle: 14027
Hadaf: ( forward )  Cycle: 14027
Hadaf: ( shoot )  Cycle: 14027
Hadaf: ( turnl )  Cycle: 14027
Hadaf: ( shoot )  Cycle: 14027
Hadaf: ( shoot )  Cycle: 14027
Hadaf: ( shoot )  Cycle: 14027
Hadaf: ( shoot )  Cycle: 14027
Hadaf: ( shoot )  Cycle: 14027
Hadaf: ( shoot )  Cycle: 14027
Hadaf: ( shoot )  Cycle: 14027
Hadaf: ( shoot )  Cycle: 14027
Hadaf: ( shoot )  Cycle: 14027
Hadaf: ( shoot )  Cycle: 14027
Hadaf: ( shoot )  Cycle: 14027
Hadaf: ( shoot )  Cycle: 14027
Hadaf: ( shoot )  Cycle: 14027
Hadaf: ( shoot )  Cycle: 14027
Hadaf: ( shoot )  Cycle: 14027
Hadaf: ( shoot )  Cycle: 14027
Hadaf: ( shoot )  Cycle: 14027
Hadaf: ( shoot )  Cycle: 14027
Hadaf: ( shoot )  Cycle: 14027
Hadaf: ( shoot )  Cycle: 14027
Hadaf: ( shoot )  Cycle: 14027
Hadaf: ( shoot )  Cycle: 14027
Hadaf: ( shoot )  Cycle: 14027
Hadaf: ( shoot )  Cycle: 14027
Hadaf: ( shoot )  Cycle: 14027
Hadaf: ( shoot )  Cycle: 14027
Hadaf: ( shoot )  Cycle: 14027
Hadaf: ( shoot )  Cycle: 14027
Hadaf: ( shoot )  Cycle: 14027
Hadaf: ( shoot )  Cycle: 14027
Hadaf: ( shoot )  Cycle: 14027
Hadaf: ( shoot )  Cycle: 14027
Hadaf: ( shoot )  Cycle: 14027
Hadaf: ( shoot )  Cycle: 14027
Hadaf: ( shoot )  Cycle: 14027
Hadaf: ( shoot )  Cycle: 14027
Hadaf: ( shoot )  Cycle: 14027
Hadaf: ( shoot )  Cycle: 14027
Hadaf: ( shoot )  Cycle: 14027
Hadaf: ( shoot )  Cycle: 14027
Hadaf: ( shoot )  Cycle: 14027
Hadaf: ( shoot )  Cycle: 14027
Hadaf: ( shoot )  Cycle: 14027
Hadaf: ( shoot )  Cycle: 14027
Hadaf: ( shoot )  Cycle: 14027
Hadaf: ( shoot )  Cycle: 14027
Hadaf: ( shoot )  Cycle: 14027
Hadaf: ( shoot )  Cycle: 14027
Hadaf: ( shoot )  Cycle: 14027
Hadaf: ( shoot )  Cycle: 14027
Hadaf: ( shoot )  Cycle: 14027
Hadaf: ( shoot )  Cycle: 14027
Hadaf: ( shoot )  Cycle: 14027
Hadaf: ( shoot )  Cycle: 14027
Hadaf: ( shoot )  Cycle: 14027
Hadaf: ( shoot )  Cycle: 14027
Hadaf: ( shoot )  Cycle: 14027
Hadaf: ( shoot )  Cycle: 14027
Hadaf: ( shoot )  Cycle: 14027
Hadaf: ( shoot )  Cycle: 14027
Hadaf: ( shoot )  Cycle: 14027
Hadaf: ( shoot )  Cycle: 14027
Hadaf: ( shoot )  Cycle: 14027
Hadaf: ( shoot )  Cycle: 14027
Hadaf: ( shoot )  Cycle: 14027
Hadaf: ( shoot )  Cycle: 14027
Hadaf: ( shoot )  Cycle: 14027
Hadaf: ( shoot )  Cycle: 14027
Hadaf: ( shoot )  Cycle: 14027
Hadaf: ( shoot )  Cycle: 14027
Hadaf: ( shoot )  Cycle: 14027
Hadaf: ( shoot )  Cycle: 14027
Hadaf: ( shoot )  Cycle: 14027
Hadaf: ( shoot )  Cycle: 14027
Hadaf: ( shoot )  Cycle: 14027
Hadaf: ( shoot )  Cycle: 14027
Hadaf: ( shoot )  Cycle: 14027
Hadaf: ( shoot )  Cycle: 14027
Hadaf: ( shoot )  Cycle: 14027
Hadaf: ( shoot )  Cycle: 14027
Hadaf: ( shoot )  Cycle: 14027
Hadaf: ( shoot )  Cycle: 14027
Hadaf: ( shoot )  Cycle: 14027
Hadaf: ( shoot )  Cycle: 14027
Hadaf: ( shoot )  Cycle: 14027
Hadaf: ( shoot )  Cycle: 14027
Hadaf: ( shoot )  Cycle: 14027
Hadaf: ( shoot )  Cycle: 14027
Hadaf: ( shoot )  Cycle: 14027
Hadaf: ( shoot )  Cycle: 14027
Hadaf: ( shoot )  Cycle: 14027
Hadaf: ( shoot )  Cycle: 14027
Hadaf: ( shoot )  Cycle: 14027
Hadaf: ( shoot )  Cycle: 14027
Hadaf: ( shoot )  Cycle: 14027
Hadaf: ( shoot )  Cycle: 14027
Hadaf: ( shoot )  Cycle: 14027
Hadaf: ( shoot )  Cycle: 14027
Hadaf: ( shoot )  Cycle: 14027
Hadaf: ( shoot )  Cycle: 14027
Hadaf: ( shoot )  Cycle: 14027
Hadaf: ( shoot )  Cycle: 14027
Hadaf: ( shoot )  Cycle: 14027
Hadaf: ( shoot )  Cycle: 14027
Hadaf: ( shoot )  Cycle: 14027
Hadaf: ( shoot )  Cycle: 14027
Hadaf: ( shoot )  Cycle: 14027
Hadaf: ( shoot )  Cycle: 14027
Hadaf: ( shoot )  Cycle: 14027
Hadaf: ( shoot )  Cycle: 14027
Hadaf: ( shoot )  Cycle: 14027
Hadaf: ( shoot )  Cycle: 14027
Hadaf: ( shoot )  Cycle: 14027
Hadaf: ( shoot )  Cycle: 14027
Hadaf: ( shoot )  Cycle: 14027
Hadaf: ( shoot )  Cycle: 14027
Hadaf: ( shoot )  Cycle: 14027
Hadaf: ( shoot )  Cycle: 14027
Hadaf: ( shoot )  Cycle: 14027
Hadaf: ( shoot )  Cycle: 14027
Hadaf: ( shoot )  Cycle: 14027
Hadaf: ( shoot )  Cycle: 14027
Hadaf: ( shoot )  Cycle: 14027
Hadaf: ( shoot )  Cycle: 14027
Hadaf: ( shoot )  Cycle: 14027
Hadaf: ( shoot )  Cycle: 14027
Hadaf: ( shoot )  Cycle: 14027
Hadaf: ( shoot )  Cycle: 14027
Hadaf: ( shoot )  Cycle: 14027
Hadaf: ( shoot )  Cycle: 14027
Hadaf: ( shoot )  Cycle: 14027
Hadaf: ( shoot )  Cycle: 14027
Hadaf: ( shoot )  Cycle: 14027
Hadaf: ( shoot )  Cycle: 14027
Hadaf: ( shoot )  Cycle: 14027
Hadaf: ( shoot )  Cycle: 14027
Hadaf: ( shoot )  Cycle: 14027
Hadaf: ( shoot )  Cycle: 14027
Hadaf: ( shoot )  Cycle: 14027
Hadaf: ( shoot )  Cycle: 14027
Hadaf: ( shoot )  Cycle: 14027
Hadaf: ( shoot )  Cycle: 14027
Hadaf: ( shoot )  Cycle: 14027
Hadaf: ( shoot )  Cycle: 14027
Hadaf: ( shoot )  Cycle: 14027
Hadaf: ( shoot )  Cycle: 14027
Hadaf: ( shoot )  Cycle: 14027
Hadaf: ( shoot )  Cycle: 14027
Hadaf: ( shoot )  Cycle: 14027
Hadaf: ( shoot )  Cycle: 14027
Hadaf: ( shoot )  Cycle: 14027
Hadaf: ( shoot )  Cycle: 14027
Hadaf: ( shoot )  Cycle: 14027
Hadaf: ( shoot )  Cycle: 14027
Hadaf: ( shoot )  Cycle: 14027
Hadaf: ( shoot )  Cycle: 14027
Hadaf: ( shoot )  Cycle: 14027
Hadaf: ( shoot )  Cycle: 14027
Hadaf: ( shoot )  Cycle: 14027
Hadaf: ( shoot )  Cycle: 14027
Hadaf: ( shoot )  Cycle: 14027
Hadaf: ( shoot )  Cycle: 14027
Hadaf: ( shoot )  Cycle: 14027
Hadaf: ( shoot )  Cycle: 14027
Hadaf: ( shoot )  Cycle: 14027
Hadaf: ( shoot )  Cycle: 14027
Hadaf: ( shoot )  Cycle: 14027
Hadaf: ( shoot )  Cycle: 14027
Hadaf: ( shoot )  Cycle: 14027
Hadaf: ( shoot )  Cycle: 14027
Hadaf: ( shoot )  Cycle: 14027
Hadaf: ( shoot )  Cycle: 14027
Hadaf: ( shoot )  Cycle: 14027
Hadaf: ( shoot )  Cycle: 14027
Hadaf: ( shoot )  Cycle: 14027
Hadaf: ( shoot )  Cycle: 14027
Hadaf: ( shoot )  Cycle: 14027
Hadaf: ( shoot )  Cycle: 14027
Hadaf: ( shoot )  Cycle: 14027
Hadaf: ( shoot )  Cycle: 14027
Hadaf: ( shoot )  Cycle: 14027
Hadaf: ( shoot )  Cycle: 14027
Hadaf: ( shoot )  Cycle: 14027
Hadaf: ( shoot )  Cycle: 14027
Hadaf: ( shoot )  Cycle: 14027
Hadaf: ( shoot )  Cycle: 14027
Hadaf: ( shoot )  Cycle: 14027
Hadaf: ( shoot )  Cycle: 14027
Hadaf: ( shoot )  Cycle: 14027
Hadaf: ( shoot )  Cycle: 14027
Hadaf: ( shoot )  Cycle: 14027
Hadaf: ( shoot )  Cycle: 14027
Hadaf: ( shoot )  Cycle: 14027
Hadaf: ( shoot )  Cycle: 14027
Hadaf: ( shoot )  Cycle: 14027
Hadaf: ( shoot )  Cycle: 14027
Hadaf: ( shoot )  Cycle: 14027
Hadaf: ( shoot )  Cycle: 14027
Hadaf: ( shoot )  Cycle: 14027
Hadaf: ( shoot )  Cycle: 14027
Hadaf: ( shoot )  Cycle: 14027
Hadaf: ( shoot )  Cycle: 14027
Hadaf: ( shoot )  Cycle: 14027
Hadaf: ( shoot )  Cycle: 14027
Hadaf: ( shoot )  Cycle: 14027
Hadaf: ( shoot )  Cycle: 14027
Hadaf: ( shoot )  Cycle: 14027
Hadaf: ( shoot )  Cycle: 14027
Hadaf: ( shoot )  Cycle: 14027
Hadaf: ( shoot )  Cycle: 14027
Hadaf: ( shoot )  Cycle: 14027
Hadaf: ( shoot )  Cycle: 14027
Hadaf: ( shoot )  Cycle: 14027
Hadaf: ( shoot )  Cycle: 14027
Hadaf: ( shoot )  Cycle: 14027
Hadaf: ( shoot )  Cycle: 14027
Hadaf: ( shoot )  Cycle: 14027
Hadaf: ( shoot )  Cycle: 14027
Hadaf: ( shoot )  Cycle: 14027
Hadaf: ( shoot )  Cycle: 14027
Hadaf: ( shoot )  Cycle: 14027
Hadaf: ( shoot )  Cycle: 14027
Hadaf: ( shoot )  Cycle: 14027
Hadaf: ( shoot )  Cycle: 14027
Hadaf: ( shoot )  Cycle: 14027
Hadaf: ( shoot )  Cycle: 14027
Hadaf: ( shoot )  Cycle: 14027
Hadaf: ( shoot )  Cycle: 14027
Hadaf: ( shoot )  Cycle: 14027
Hadaf: ( shoot )  Cycle: 14027
Hadaf: ( shoot )  Cycle: 14027
Hadaf: ( shoot )  Cycle: 14027
Hadaf: ( shoot )  Cycle: 14027
Hadaf: ( shoot )  Cycle: 14027
Hadaf: ( shoot )  Cycle: 14027
Hadaf: ( shoot )  Cycle: 14027
Hadaf: ( shoot )  Cycle: 14027
Hadaf: ( shoot )  Cycle: 14027
Hadaf: ( shoot )  Cycle: 14027
Hadaf: ( shoot )  Cycle: 14027
Hadaf: ( shoot )  Cycle: 14027
Hadaf: ( shoot )  Cycle: 14027
Hadaf: ( shoot )  Cycle: 14027
Hadaf: ( shoot )  Cycle: 14027
Hadaf: ( shoot )  Cycle: 14027
Hadaf: ( shoot )  Cycle: 14027
Hadaf: ( shoot )  Cycle: 14027
Hadaf: ( shoot )  Cycle: 14027
Hadaf: ( shoot )  Cycle: 14027
Hadaf: ( shoot )  Cycle: 14027
Hadaf: ( shoot )  Cycle: 14027
Hadaf: ( shoot )  Cycle: 14027
Hadaf: ( shoot )  Cycle: 14027
Hadaf: ( shoot )  Cycle: 14027
Hadaf: ( shoot )  Cycle: 14027
Hadaf: ( shoot )  Cycle: 14027
Hadaf: ( shoot )  Cycle: 14027
Hadaf: ( shoot )  Cycle: 14027
Hadaf: ( shoot )  Cycle: 14027
Hadaf: ( shoot )  Cycle: 14027
Hadaf: ( shoot )  Cycle: 14027
Hadaf: ( shoot )  Cycle: 14027
Hadaf: ( shoot )  Cycle: 14027
Hadaf: ( shoot )  Cycle: 14027
Hadaf: ( shoot )  Cycle: 14027
Hadaf: ( shoot )  Cycle: 14027
Hadaf: ( shoot )  Cycle: 14027
Hadaf: ( shoot )  Cycle: 14027
Hadaf: ( shoot )  Cycle: 14027
Hadaf: ( shoot )  Cycle: 14027
Hadaf: ( shoot )  Cycle: 14027
Hadaf: ( shoot )  Cycle: 14027
Hadaf: ( shoot )  Cycle: 14027
Hadaf: ( shoot )  Cycle: 14027
Hadaf: ( shoot )  Cycle: 14027
Hadaf: ( shoot )  Cycle: 14027
Hadaf: ( shoot )  Cycle: 14027
Hadaf: ( shoot )  Cycle: 14027
Hadaf: ( shoot )  Cycle: 14027
Hadaf: ( shoot )  Cycle: 14027
Hadaf: ( shoot )  Cycle: 14027
Hadaf: ( shoot )  Cycle: 14027
Hadaf: ( shoot )  Cycle: 14027
Hadaf: ( shoot )  Cycle: 14027
Hadaf: ( shoot )  Cycle: 14027
Hadaf: ( shoot )  Cycle: 14027
Hadaf: ( shoot )  Cycle: 14027
Hadaf: ( shoot )  Cycle: 14027
Hadaf: ( shoot )  Cycle: 14027
Hadaf: ( shoot )  Cycle: 14027
Hadaf: ( shoot )  Cycle: 14027
Hadaf: ( shoot )  Cycle: 14027
Hadaf: ( shoot )  Cycle: 14027
Hadaf: ( shoot )  Cycle: 14027
Hadaf: ( shoot )  Cycle: 14027
Hadaf: ( shoot )  Cycle: 14027
Hadaf: ( shoot )  Cycle: 14027
Hadaf: ( shoot )  Cycle: 14027
Hadaf: ( shoot )  Cycle: 14027
Hadaf: ( shoot )  Cycle: 14027
Hadaf: ( shoot )  Cycle: 14027
Hadaf: ( shoot )  Cycle: 14027
Hadaf: ( shoot )  Cycle: 14027
Hadaf: ( shoot )  Cycle: 14027
Hadaf: ( shoot )  Cycle: 14027
Hadaf: ( shoot )  Cycle: 14027
Hadaf: ( shoot )  Cycle: 14027
Hadaf: ( shoot )  Cycle: 14027
Hadaf: ( shoot )  Cycle: 14027
Hadaf: ( shoot )  Cycle: 14027
Hadaf: ( shoot )  Cycle: 14027
Hadaf: ( shoot )  Cycle: 14020
Hadaf: ( shoot )  Cycle: 14020
Hadaf: ( shoot )  Cycle: 14020
Hadaf: ( shoot )  Cycle: 14020
Hadaf: ( shoot )  Cycle: 14020
Hadaf: ( shoot )  Cycle: 14020
Hadaf: ( shoot )  Cycle: 14020
Hadaf: ( shoot )  Cycle: 14020
Hadaf: ( shoot )  Cycle: 14020
Hadaf: ( shoot )  Cycle: 14020
Hadaf: ( shoot )  Cycle: 14020
Hadaf: ( shoot )  Cycle: 14020
Hadaf: ( shoot )  Cycle: 14020
Hadaf: ( shoot )  Cycle: 14020
Hadaf: ( shoot )  Cycle: 14020
Hadaf: ( shoot )  Cycle: 14020
Hadaf: ( shoot )  Cycle: 14020
Hadaf: ( shoot )  Cycle: 14020
Hadaf: ( shoot )  Cycle: 14020
Hadaf: ( shoot )  Cycle: 14020
Hadaf: ( shoot )  Cycle: 14020
Hadaf: ( shoot )  Cycle: 14020
Hadaf: ( shoot )  Cycle: 14020
Hadaf: ( shoot )  Cycle: 14020
Hadaf: ( shoot )  Cycle: 14020
Hadaf: ( shoot )  Cycle: 14020
Hadaf: ( shoot )  Cycle: 14020
Hadaf: ( shoot )  Cycle: 14020
Hadaf: ( shoot )  Cycle: 14020
Hadaf: ( shoot )  Cycle: 14020
Hadaf: ( shoot )  Cycle: 14020
Hadaf: ( shoot )  Cycle: 14020
Hadaf: ( shoot )  Cycle: 14020
Hadaf: ( shoot )  Cycle: 14020
Hadaf: ( shoot )  Cycle: 14020
Hadaf: ( shoot )  Cycle: 14020
Hadaf: ( shoot )  Cycle: 14020
Hadaf: ( shoot )  Cycle: 14020
Hadaf: ( shoot )  Cycle: 14020
Hadaf: ( shoot )  Cycle: 14020
Hadaf: ( shoot )  Cycle: 14020
Hadaf: ( shoot )  Cycle: 14020
Hadaf: ( shoot )  Cycle: 14020
Hadaf: ( shoot )  Cycle: 14020
Hadaf: ( shoot )  Cycle: 14020
Hadaf: ( shoot )  Cycle: 14020
Hadaf: ( shoot )  Cycle: 14020
Hadaf: ( shoot )  Cycle: 14020
Hadaf: ( shoot )  Cycle: 14020
Hadaf: ( shoot )  Cycle: 14020
Hadaf: ( shoot )  Cycle: 14020
Hadaf: ( shoot )  Cycle: 14020
Hadaf: ( shoot )  Cycle: 14020
Hadaf: ( shoot )  Cycle: 14020
Hadaf: ( shoot )  Cycle: 14020
Hadaf: ( shoot )  Cycle: 14020
Hadaf: ( shoot )  Cycle: 14020
Hadaf: ( shoot )  Cycle: 14020
Hadaf: ( shoot )  Cycle: 14020
Hadaf: ( shoot )  Cycle: 14020
Hadaf: ( shoot )  Cycle: 14020
Hadaf: ( shoot )  Cycle: 14020
Hadaf: ( shoot )  Cycle: 14020
Hadaf: ( shoot )  Cycle: 14020
Hadaf: ( shoot )  Cycle: 14020
Hadaf: ( shoot )  Cycle: 14020
Hadaf: ( shoot )  Cycle: 14020
Hadaf: ( shoot )  Cycle: 14020
Hadaf: ( shoot )  Cycle: 14020
Hadaf: ( shoot )  Cycle: 14020
Hadaf: ( shoot )  Cycle: 14020
Hadaf: ( shoot )  Cycle: 14020
Hadaf: ( shoot )  Cycle: 14020
Hadaf: ( shoot )  Cycle: 14020
Hadaf: ( shoot )  Cycle: 14020
Hadaf: ( shoot )  Cycle: 14020
Hadaf: ( shoot )  Cycle: 14020
Hadaf: ( shoot )  Cycle: 14020
Hadaf: ( shoot )  Cycle: 14020
Hadaf: ( shoot )  Cycle: 14020
Hadaf: ( shoot )  Cycle: 14020
Hadaf: ( shoot )  Cycle: 14020
Hadaf: ( shoot )  Cycle: 14020
Hadaf: ( shoot )  Cycle: 14020
Hadaf: ( shoot )  Cycle: 14020
Hadaf: ( shoot )  Cycle: 14020
Hadaf: ( shoot )  Cycle: 14020
Hadaf: ( shoot )  Cycle: 14020
Hadaf: ( shoot )  Cycle: 14020
Hadaf: ( shoot )  Cycle: 14020
Hadaf: ( shoot )  Cycle: 14020
Hadaf: ( shoot )  Cycle: 14020
Hadaf: ( shoot )  Cycle: 14020
Hadaf: ( shoot )  Cycle: 14020
Hadaf: ( shoot )  Cycle: 14020
Hadaf: ( shoot )  Cycle: 14020
Hadaf: ( shoot )  Cycle: 14020
Hadaf: ( shoot )  Cycle: 14020
Hadaf: ( shoot )  Cycle: 14020
Hadaf: ( shoot )  Cycle: 14020
Hadaf: ( shoot )  Cycle: 14020
Hadaf: ( shoot )  Cycle: 14020
Hadaf: ( shoot )  Cycle: 14020
Hadaf: ( shoot )  Cycle: 14020
Hadaf: ( shoot )  Cycle: 14020
Hadaf: ( shoot )  Cycle: 14020
Hadaf: ( shoot )  Cycle: 14020
Hadaf: ( shoot )  Cycle: 14020
Hadaf: ( shoot )  Cycle: 14020
Hadaf: ( shoot )  Cycle: 14020
Hadaf: ( shoot )  Cycle: 14020
Hadaf: ( shoot )  Cycle: 14020
Hadaf: ( shoot )  Cycle: 14020
Hadaf: ( shoot )  Cycle: 14020
Hadaf: ( shoot )  Cycle: 14020
Hadaf: ( shoot )  Cycle: 14020
Hadaf: ( shoot )  Cycle: 14020
Hadaf: ( shoot )  Cycle: 14020
Hadaf: ( shoot )  Cycle: 14020
Hadaf: ( shoot )  Cycle: 14020
Hadaf: ( shoot )  Cycle: 14020
Hadaf: ( shoot )  Cycle: 14020
Hadaf: ( shoot )  Cycle: 14020
Hadaf: ( shoot )  Cycle: 14020
Hadaf: ( shoot )  Cycle: 14020
Hadaf: ( shoot )  Cycle: 14020
Hadaf: ( shoot )  Cycle: 14020
Hadaf: ( shoot )  Cycle: 14020
Hadaf: ( shoot )  Cycle: 14020
Hadaf: ( shoot )  Cycle: 14020
Hadaf: ( shoot )  Cycle: 14020
Hadaf: ( shoot )  Cycle: 14020
Hadaf: ( shoot )  Cycle: 14020
Hadaf: ( shoot )  Cycle: 14020
Hadaf: ( shoot )  Cycle: 14020
Hadaf: ( shoot )  Cycle: 14020
Hadaf: ( shoot )  Cycle: 14020
Hadaf: ( shoot )  Cycle: 14020
Hadaf: ( shoot )  Cycle: 14020
Hadaf: ( shoot )  Cycle: 14020
Hadaf: ( shoot )  Cycle: 14020
Hadaf: ( shoot )  Cycle: 14020
Hadaf: ( shoot )  Cycle: 14020
Hadaf: ( shoot )  Cycle: 14020
Hadaf: ( shoot )  Cycle: 14020
Hadaf: ( shoot )  Cycle: 14020
Hadaf: ( shoot )  Cycle: 14020
Hadaf: ( shoot )  Cycle: 14020
Hadaf: ( shoot )  Cycle: 14020
Hadaf: ( shoot )  Cycle: 14020
Hadaf: ( shoot )  Cycle: 14020
Hadaf: ( shoot )  Cycle: 14020
Hadaf: ( shoot )  Cycle: 14020
Hadaf: ( shoot )  Cycle: 14020
Hadaf: ( shoot )  Cycle: 14020
Hadaf: ( shoot )  Cycle: 14020
Hadaf: ( shoot )  Cycle: 14020
Hadaf: ( shoot )  Cycle: 14020
Hadaf: ( shoot )  Cycle: 14020
Hadaf: ( shoot )  Cycle: 14020
Hadaf: ( shoot )  Cycle: 14020
Hadaf: ( shoot )  Cycle: 14020
Hadaf: ( shoot )  Cycle: 14020
Hadaf: ( shoot )  Cycle: 14020
Hadaf: ( shoot )  Cycle: 14020
Hadaf: ( shoot )  Cycle: 14020
Hadaf: ( shoot )  Cycle: 14020
Hadaf: ( shoot )  Cycle: 14020
Hadaf: ( shoot )  Cycle: 14020
Hadaf: ( shoot )  Cycle: 14020
Hadaf: ( shoot )  Cycle: 14020
Hadaf: ( shoot )  Cycle: 14020
Hadaf: ( shoot )  Cycle: 14020
Hadaf: ( shoot )  Cycle: 14020
Hadaf: ( shoot )  Cycle: 14020
Hadaf: ( shoot )  Cycle: 14020
Hadaf: ( shoot )  Cycle: 14020
Hadaf: ( shoot )  Cycle: 14020
Hadaf: ( shoot )  Cycle: 14020
Hadaf: ( shoot )  Cycle: 14020
Hadaf: ( shoot )  Cycle: 14020
Hadaf: ( shoot )  Cycle: 14020
Hadaf: ( shoot )  Cycle: 14020
Hadaf: ( shoot )  Cycle: 14020
Hadaf: ( shoot )  Cycle: 14020
Hadaf: ( shoot )  Cycle: 14020
Hadaf: ( shoot )  Cycle: 14020
Hadaf: ( shoot )  Cycle: 14020
Hadaf: ( shoot )  Cycle: 14020
Hadaf: ( shoot )  Cycle: 14020
Hadaf: ( shoot )  Cycle: 14020
Hadaf: ( shoot )  Cycle: 14020
Hadaf: ( shoot )  Cycle: 14020
Hadaf: ( shoot )  Cycle: 14020
Hadaf: ( shoot )  Cycle: 14020
Hadaf: ( shoot )  Cycle: 14020
Hadaf: ( shoot )  Cycle: 14020
Hadaf: ( shoot )  Cycle: 14020
Hadaf: ( shoHadaf: ( forward )  Cycle: 14993
Hadaf: ( turnl )  Cycle: 14993
Hadaf: ( stop )  Cycle: 14908
Hadaf: ( forward )  Cycle: 14908
Hadaf: ( forward )  Cycle: 14908
Hadaf: ( turnl )  Cycle: 14908
Hadaf: ( stop )  Cycle: 14856
Hadaf: ( forward )  Cycle: 14856
Hadaf: ( stop )  Cycle: 14856
Hadaf: ( forward )  Cycle: 14856
Hadaf: ( turnl )  Cycle: 14856
Hadaf: ( stop )  Cycle: 14802
Hadaf: ( forward )  Cycle: 14802
Hadaf: ( turnr )  Cycle: 14802
Hadaf: ( stop )  Cycle: 14789
Hadaf: ( forward )  Cycle: 14789
Hadaf: ( turnr )  Cycle: 14789
Hadaf: ( shoot )  Cycle: 14586
Hadaf: ( shoot )  Cycle: 14586
Hadaf: ( shoot )  Cycle: 14579
Hadaf: ( shoot )  Cycle: 14579
Hadaf: ( stop )  Cycle: 14501
Hadaf: ( forward )  Cycle: 14501
Hadaf: ( backward )  Cycle: 14501
Hadaf: ( stop )  Cycle: 14501
Hadaf: ( forward )  Cycle: 14501
Hadaf: ( turnl )  Cycle: 14501
Hadaf: ( stop )  Cycle: 14403
Hadaf: ( forward )  Cycle: 14402
Hadaf: ( turnr )  Cycle: 14402
Hadaf: ( stop )  Cycle: 14389
Hadaf: ( forward )  Cycle: 14389
Hadaf: ( turnl )  Cycle: 14389
Hadaf: ( stop )  Cycle: 14350
Hadaf: ( shoot )  Cycle: 14350
Hadaf: ( forward )  Cycle: 14350
Hadaf: ( turnr )  Cycle: 14350
Hadaf: ( shoot )  Cycle: 14350
Hadaf: ( shoot )  Cycle: 14344
Hadaf: ( shoot )  Cycle: 14344
Hadaf: ( stop )  Cycle: 14337
Hadaf: ( forward )  Cycle: 14337
Hadaf: ( turnl )  Cycle: 14337
Hadaf: ( shoot )  Cycle: 14324
Hadaf: ( shoot )  Cycle: 14324
Hadaf: ( stop )  Cycle: 14318
Hadaf: ( forward )  Cycle: 14318
Hadaf: ( stop )  Cycle: 14318
Hadaf: ( forward )  Cycle: 14318
Hadaf: ( turnr )  Cycle: 14318
Hadaf: ( shoot )  Cycle: 14318
Hadaf: ( shoot )  Cycle: 14318
Hadaf: ( shoot )  Cycle: 14311
Hadaf: ( shoot )  Cycle: 14311
Hadaf: ( stop )  Cycle: 14304
Hadaf: ( forward )  Cycle: 14304
Hadaf: ( stop )  Cycle: 14304
Hadaf: ( forward )  Cycle: 14304
Hadaf: ( turnl )  Cycle: 14304
Hadaf: ( shoot )  Cycle: 14304
Hadaf: ( shoot )  Cycle: 14304
Hadaf: ( shoot )  Cycle: 14298
Hadaf: ( shoot )  Cycle: 14298
Hadaf: ( stop )  Cycle: 14291
Hadaf: ( forward )  Cycle: 14291
Hadaf: ( stop )  Cycle: 14291
Hadaf: ( forward )  Cycle: 14291
Hadaf: ( turnr )  Cycle: 14291
Hadaf: ( shoot )  Cycle: 14291
Hadaf: ( shoot )  Cycle: 14291
Hadaf: ( shoot )  Cycle: 14285
Hadaf: ( stop )  Cycle: 14279
Hadaf: ( shoot )  Cycle: 14279
Hadaf: ( forward )  Cycle: 14279
Hadaf: ( stop )  Cycle: 14279
Hadaf: ( forward )  Cycle: 14279
Hadaf: ( turnl )  Cycle: 14279
Hadaf: ( shoot )  Cycle: 14279
Hadaf: ( shoot )  Cycle: 14272
Hadaf: ( shoot )  Cycle: 14272
Hadaf: ( stop )  Cycle: 14266
Hadaf: ( forward )  Cycle: 14266
Hadaf: ( stop )  Cycle: 14266
Hadaf: ( forward )  Cycle: 14266
Hadaf: ( turnr )  Cycle: 14266
Hadaf: ( shoot )  Cycle: 14266
Hadaf: ( shoot )  Cycle: 14266
Hadaf: ( shoot )  Cycle: 14259
Hadaf: ( shoot )  Cycle: 14259
Hadaf: ( stop )  Cycle: 14253
Hadaf: ( forward )  Cycle: 14253
Hadaf: ( stop )  Cycle: 14253
Hadaf: ( forward )  Cycle: 14253
Hadaf: ( turnl )  Cycle: 14253
Hadaf: ( shoot )  Cycle: 14253
Hadaf: ( shoot )  Cycle: 14253
Hadaf: ( shoot )  Cycle: 14239
Hadaf: ( stop )  Cycle: 14239
Hadaf: ( forward )  Cycle: 14239
Hadaf: ( stop )  Cycle: 14239
Hadaf: ( forward )  Cycle: 14239
Hadaf: ( turnr )  Cycle: 14239
Hadaf: ( shoot )  Cycle: 14239
Hadaf: ( shoot )  Cycle: 14233
Hadaf: ( shoot )  Cycle: 14233
Hadaf: ( stop )  Cycle: 14227
Hadaf: ( forward )  Cycle: 14227
Hadaf: ( stop )  Cycle: 14227
Hadaf: ( forward )  Cycle: 14227
Hadaf: ( turnl )  Cycle: 14227
Hadaf: ( shoot )  Cycle: 14227
Hadaf: ( shoot )  Cycle: 14227
Hadaf: ( shoot )  Cycle: 14220
Hadaf: ( shoot )  Cycle: 14220
Hadaf: ( stop )  Cycle: 14214
Hadaf: ( forward )  Cycle: 14214
Hadaf: ( stop )  Cycle: 14214
Hadaf: ( forward )  Cycle: 14214
Hadaf: ( turnr )  Cycle: 14214
Hadaf: ( shoot )  Cycle: 14214
Hadaf: ( shoot )  Cycle: 14214
Hadaf: ( shoot )  Cycle: 14207
Hadaf: ( shoot )  Cycle: 14207
Hadaf: ( stop )  Cycle: 14201
Hadaf: ( forward )  Cycle: 14201
Hadaf: ( stop )  Cycle: 14201
Hadaf: ( forward )  Cycle: 1Hadaf: ( forward )  Cycle: 14993
Hadaf: ( turnl )  Cycle: 14993
Hadaf: ( stop )  Cycle: 14905
Hadaf: ( forward )  Cycle: 14905
Hadaf: ( forward )  Cycle: 14905
Hadaf: ( turnl )  Cycle: 14905
Hadaf: ( stop )  Cycle: 14853
Hadaf: ( forward )  Cycle: 14853
Hadaf: ( backward )  Cycle: 14853
Hadaf: ( stop )  Cycle: 14853
Hadaf: ( forward )  Cycle: 14853
Hadaf: ( turnl )  Cycle: 14853
Hadaf: ( stop )  Cycle: 14795
Hadaf: ( forward )  Cycle: 14795
Hadaf: ( backward )  Cycle: 14795
Hadaf: ( turnr )  Cycle: 14795
Hadaf: ( stop )  Cycle: 14782
Hadaf: ( forward )  Cycle: 14782
Hadaf: ( turnr )  Cycle: 14782
Hadaf: ( shoot )  Cycle: 14575
Hadaf: ( shoot )  Cycle: 14575
Hadaf: ( stop )  Cycle: 14476
Hadaf: ( forward )  Cycle: 14476
Hadaf: ( backward )  Cycle: 14476
Hadaf: ( turnl )  Cycle: 14476
Hadaf: ( stop )  Cycle: 14456
Hadaf: ( turnr )  Cycle: 14454
Hadaf: ( stop )  Cycle: 14441
Hadaf: ( forward )  Cycle: 14441
Hadaf: ( turnl )  Cycle: 14441
Hadaf: ( stop )  Cycle: 14341
Hadaf: ( forward )  Cycle: 14341
Hadaf: ( stop )  Cycle: 14341
Hadaf: ( forward )  Cycle: 14341
Hadaf: ( turnl )  Cycle: 14341
Hadaf: ( stop )  Cycle: 14309
Hadaf: ( shoot )  Cycle: 14309
Hadaf: ( forward )  Cycle: 14309
Hadaf: ( turnr )  Cycle: 14309
Hadaf: ( shoot )  Cycle: 14309
Hadaf: ( shoot )  Cycle: 14303
Hadaf: ( shoot )  Cycle: 14303
Hadaf: ( stop )  Cycle: 14296
Hadaf: ( forward )  Cycle: 14296
Hadaf: ( turnl )  Cycle: 14296
Hadaf: ( shoot )  Cycle: 14283
Hadaf: ( shoot )  Cycle: 14283
Hadaf: ( stop )  Cycle: 14277
Hadaf: ( forward )  Cycle: 14277
Hadaf: ( turnr )  Cycle: 14277
Hadaf: ( shoot )  Cycle: 14277
Hadaf: ( shoot )  Cycle: 14277
Hadaf: ( shoot )  Cycle: 14270
Hadaf: ( shoot )  Cycle: 14270
Hadaf: ( stop )  Cycle: 14264
Hadaf: ( forward )  Cycle: 14264
Hadaf: ( turnl )  Cycle: 14264
Hadaf: ( shoot )  Cycle: 14264
Hadaf: ( shoot )  Cycle: 14264
Hadaf: ( shoot )  Cycle: 14257
Hadaf: ( shoot )  Cycle: 14257
Hadaf: ( stop )  Cycle: 14251
Hadaf: ( forward )  Cycle: 14251
Hadaf: ( turnr )  Cycle: 14251
Hadaf: ( shoot )  Cycle: 14244
Hadaf: ( shoot )  Cycle: 14244
Hadaf: ( stop )  Cycle: 14238
Hadaf: ( forward )  Cycle: 14238
Hadaf: ( turnl )  Cycle: 14238
Hadaf: ( shoot )  Cycle: 14238
Hadaf: ( shoot )  Cycle: 14238
Hadaf: ( shoot )  Cycle: 14231
Hadaf: ( shoot )  Cycle: 14231
Hadaf: ( stop )  Cycle: 14224
Hadaf: ( forward )  Cycle: 14224
Hadaf: ( turnr )  Cycle: 14224
Hadaf: ( shoot )  Cycle: 14211
Hadaf: ( stop )  Cycle: 14211
Hadaf: ( forward )  Cycle: 14211
Hadaf: ( turnl )  Cycle: 14211
Hadaf: ( shoot )  Cycle: 14211
Hadaf: ( shoot )  Cycle: 14205
Hadaf: ( shoot )  Cycle: 14205
Hadaf: ( stop )  Cycle: 14198
Hadaf: ( forward )  Cycle: 14198
Hadaf: ( turnr )  Cycle: 14198
Hadaf: ( shoot )  Cycle: 14192
Hadaf: ( shoot )  Cycle: 14192
Hadaf: ( stop )  Cycle: 14185
Hadaf: ( forward )  Cycle: 14185
Hadaf: ( shoot )  Cycle: 14185
Hadaf: ( turnl )  Cycle: 14185
Hadaf: ( shoot )  Cycle: 14185
Hadaf: ( shoot )  Cycle: 14179
Hadaf: ( shoot )  Cycle: 14179
Hadaf: ( stop )  Cycle: 14172
Hadaf: ( forward )  Cycle: 14172
Hadaf: ( turnr )  Cycle: 14172
Hadaf: ( shoot )  Cycle: 14165
Hadaf: ( shoot )  Cycle: 14165
Hadaf: ( stop )  Cycle: 14159
Hadaf: ( forward )  Cycle: 14159
Hadaf: ( turnl )  Cycle: 14159
Hadaf: ( shoot )  Cycle: 14159
Hadaf: ( shoot )  Cycle: 14159
Hadaf: ( stop )  Cycle: 14153
Hadaf: ( forward )  Cycle: 14153
Hadaf: ( backward )  Cycle: 14153
Hadaf: ( stop )  Cycle: 14153
Hadaf: ( forward )  Cycle: 14153
Hadaf: ( turnr )  Cycle: 14153
Hadaf: ( shoot )  Cycle: 14153
Hadaf: ( shoot )  Cycle: 14153
Hadaf: ( shoot )  Cycle: 14146
Hadaf: ( shoot )  Cycle: 14146
Hadaf: ( stop )  Cycle: 14140
Hadaf: ( forward )  Cycle: 14140
Hadaf: ( backward )  Cycle: 14140
Hadaf: ( turnl )  Cycle: 14140
Hadaf: ( shoot )  Cycle: 14140
Hadaf: ( shoot )  Cycle: 14140
Hadaf: ( shoot )  Cycle: 14133
Hadaf: ( shoot )  Cycle: 14133
Hadaf: ( stop )  Cycle: 14127
Hadaf: ( forward )  Cycle: 14127
Hadaf: ( turnr )  Cycle: 14127
Hadaf: ( shoot )  CycHadaf: ( forward )  Cycle: 14993
Hadaf: ( turnl )  Cycle: 14993
Hadaf: ( stop )  Cycle: 14922
Hadaf: ( forward )  Cycle: 14922
Hadaf: ( forward )  Cycle: 14922
Hadaf: ( turnl )  Cycle: 14922
Hadaf: ( stop )  Cycle: 14871
Hadaf: ( forward )  Cycle: 14870
Hadaf: ( backward )  Cycle: 14870
Hadaf: ( stop )  Cycle: 14865
Hadaf: ( turnr )  Cycle: 14863
Hadaf: ( stop )  Cycle: 14850
Hadaf: ( turnl )  Cycle: 14850
Hadaf: ( stop )  Cycle: 14837
Hadaf: ( forward )  Cycle: 14837
Hadaf: ( turnl )  Cycle: 14837
Hadaf: ( stop )  Cycle: 14785
Hadaf: ( forward )  Cycle: 14785
Hadaf: ( backward )  Cycle: 14785
Hadaf: ( turnr )  Cycle: 14779
Hadaf: ( stop )  Cycle: 14772
Hadaf: ( forward )  Cycle: 14772
Hadaf: ( turnr )  Cycle: 14772
Hadaf: ( shoot )  Cycle: 14582
Hadaf: ( shoot )  Cycle: 14582
Hadaf: ( stop )  Cycle: 14481
Hadaf: ( forward )  Cycle: 14481
Hadaf: ( backward )  Cycle: 14481
Hadaf: ( turnl )  Cycle: 14475
Hadaf: ( stop )  Cycle: 14462
Hadaf: ( turnr )  Cycle: 14462
Hadaf: ( stop )  Cycle: 14449
Hadaf: ( forward )  Cycle: 14449
Hadaf: ( turnl )  Cycle: 14449
Hadaf: ( stop )  Cycle: 14342
Hadaf: ( forward )  Cycle: 14342
Hadaf: ( turnr )  Cycle: 14342
Hadaf: ( stop )  Cycle: 14329
Hadaf: ( forward )  Cycle: 14329
Hadaf: ( turnl )  Cycle: 14329
Hadaf: ( shoot )  Cycle: 14289
Hadaf: ( stop )  Cycle: 14289
Hadaf: ( forward )  Cycle: 14289
Hadaf: ( stop )  Cycle: 14289
Hadaf: ( forward )  Cycle: 14289
Hadaf: ( turnl )  Cycle: 14289
Hadaf: ( shoot )  Cycle: 14289
Hadaf: ( shoot )  Cycle: 14282
Hadaf: ( shoot )  Cycle: 14282
Hadaf: ( stop )  Cycle: 14276
Hadaf: ( forward )  Cycle: 14276
Hadaf: ( turnr )  Cycle: 14276
Hadaf: ( shoot )  Cycle: 14269
Hadaf: ( shoot )  Cycle: 14269
Hadaf: ( stop )  Cycle: 14263
Hadaf: ( forward )  Cycle: 14263
Hadaf: ( turnl )  Cycle: 14263
Hadaf: ( shoot )  Cycle: 14263
Hadaf: ( shoot )  Cycle: 14263
Hadaf: ( shoot )  Cycle: 14256
Hadaf: ( shoot )  Cycle: 14256
Hadaf: ( stop )  Cycle: 14250
Hadaf: ( forward )  Cycle: 14250
Hadaf: ( turnr )  Cycle: 14250
Hadaf: ( shoot )  Cycle: 14243
Hadaf: ( shoot )  Cycle: 14243
Hadaf: ( stop )  Cycle: 14237
Hadaf: ( forward )  Cycle: 14237
Hadaf: ( turnl )  Cycle: 14237
Hadaf: ( shoot )  Cycle: 14237
Hadaf: ( shoot )  Cycle: 14237
Hadaf: ( stop )  Cycle: 14230
Hadaf: ( forward )  Cycle: 14230
Hadaf: ( stop )  Cycle: 14230
Hadaf: ( forward )  Cycle: 14230
Hadaf: ( turnr )  Cycle: 14230
Hadaf: ( shoot )  Cycle: 14230
Hadaf: ( shoot )  Cycle: 14230
Hadaf: ( shoot )  Cycle: 14224
Hadaf: ( shoot )  Cycle: 14224
Hadaf: ( stop )  Cycle: 14217
Hadaf: ( forward )  Cycle: 14217
Hadaf: ( turnl )  Cycle: 14217
Hadaf: ( shoot )  Cycle: 14211
Hadaf: ( shoot )  Cycle: 14211
Hadaf: ( stop )  Cycle: 14204
Hadaf: ( forward )  Cycle: 14204
Hadaf: ( turnr )  Cycle: 14204
Hadaf: ( shoot )  Cycle: 14204
Hadaf: ( shoot )  Cycle: 14204
Hadaf: ( shoot )  Cycle: 14198
Hadaf: ( shoot )  Cycle: 14198
Hadaf: ( stop )  Cycle: 14191
Hadaf: ( forward )  Cycle: 14191
Hadaf: ( turnl )  Cycle: 14191
Hadaf: ( shoot )  Cycle: 14185
Hadaf: ( shoot )  Cycle: 14185
Hadaf: ( stop )  Cycle: 14178
Hadaf: ( forward )  Cycle: 14178
Hadaf: ( turnr )  Cycle: 14178
Hadaf: ( shoot )  Cycle: 14178
Hadaf: ( shoot )  Cycle: 14178
Hadaf: ( shoot )  Cycle: 14172
Hadaf: ( shoot )  Cycle: 14172
Hadaf: ( stop )  Cycle: 14165
Hadaf: ( forward )  Cycle: 14165
Hadaf: ( turnl )  Cycle: 14165
Hadaf: ( shoot )  Cycle: 14158
Hadaf: ( shoot )  Cycle: 14158
Hadaf: ( stop )  Cycle: 14152
Hadaf: ( forward )  Cycle: 14152
Hadaf: ( turnr )  Cycle: 14152
Hadaf: ( shoot )  Cycle: 14152
Hadaf: ( shoot )  Cycle: 14152
Hadaf: ( stop )  Cycle: 14146
Hadaf: ( forward )  Cycle: 14146
Hadaf: ( stop )  Cycle: 14146
Hadaf: ( forward )  Cycle: 14146
Hadaf: ( turnl )  Cycle: 14146
Hadaf: ( shoot )  Cycle: 14146
Hadaf: ( shoot )  Cycle: 14146
Hadaf: ( shoot )  Cycle: 14139
Hadaf: ( shoot )  Cycle: 14139
Hadaf: ( stop )  Cycle: 14133
Hadaf: ( forward )  Cycle: 14133
Hadaf: ( backward )  Cycle: 14133
Hadaf: ( turnr )  Cycle: Hadaf: ( forward )  Cycle: 14993
Hadaf: ( turnl )  Cycle: 14993
Hadaf: ( stop )  Cycle: 14894
Hadaf: ( forward )  Cycle: 14894
Hadaf: ( forward )  Cycle: 14894
Hadaf: ( turnl )  Cycle: 14894
Hadaf: ( stop )  Cycle: 14842
Hadaf: ( forward )  Cycle: 14842
Hadaf: ( backward )  Cycle: 14842
Hadaf: ( stop )  Cycle: 14836
Hadaf: ( forward )  Cycle: 14829
Hadaf: ( turnl )  Cycle: 14829
Hadaf: ( stop )  Cycle: 14782
Hadaf: ( forward )  Cycle: 14782
Hadaf: ( backward )  Cycle: 14782
Hadaf: ( stop )  Cycle: 14776
Hadaf: ( forward )  Cycle: 14769
Hadaf: ( turnr )  Cycle: 14769
Hadaf: ( shoot )  Cycle: 14585
Hadaf: ( shoot )  Cycle: 14585
Hadaf: ( stop )  Cycle: 14486
Hadaf: ( forward )  Cycle: 14486
Hadaf: ( backward )  Cycle: 14486
Hadaf: ( stop )  Cycle: 14480
Hadaf: ( forward )  Cycle: 14473
Hadaf: ( turnl )  Cycle: 14473
Hadaf: ( stop )  Cycle: 14369
Hadaf: ( forward )  Cycle: 14369
Hadaf: ( turnr )  Cycle: 14369
Hadaf: ( stop )  Cycle: 14357
Hadaf: ( forward )  Cycle: 14356
Hadaf: ( turnl )  Cycle: 14356
Hadaf: ( stop )  Cycle: 14324
Hadaf: ( forward )  Cycle: 14324
Hadaf: ( stop )  Cycle: 14324
Hadaf: ( forward )  Cycle: 14324
Hadaf: ( shoot )  Cycle: 14316
Hadaf: ( turnl )  Cycle: 14316
Hadaf: ( shoot )  Cycle: 14316
Hadaf: ( stop )  Cycle: 14310
Hadaf: ( forward )  Cycle: 14310
Hadaf: ( stop )  Cycle: 14310
Hadaf: ( shoot )  Cycle: 14310
Hadaf: ( forward )  Cycle: 14310
Hadaf: ( turnr )  Cycle: 14303
Hadaf: ( shoot )  Cycle: 14296
Hadaf: ( shoot )  Cycle: 14296
Hadaf: ( stop )  Cycle: 14290
Hadaf: ( forward )  Cycle: 14290
Hadaf: ( turnl )  Cycle: 14290
Hadaf: ( shoot )  Cycle: 14283
Hadaf: ( shoot )  Cycle: 14283
Hadaf: ( stop )  Cycle: 14277
Hadaf: ( forward )  Cycle: 14277
Hadaf: ( turnr )  Cycle: 14277
Hadaf: ( shoot )  Cycle: 14277
Hadaf: ( shoot )  Cycle: 14271
Hadaf: ( stop )  Cycle: 14264
Hadaf: ( forward )  Cycle: 14264
Hadaf: ( turnl )  Cycle: 14264
Hadaf: ( shoot )  Cycle: 14250
Hadaf: ( stop )  Cycle: 14250
Hadaf: ( forward )  Cycle: 14250
Hadaf: ( turnr )  Cycle: 14250
Hadaf: ( shoot )  Cycle: 14250
Hadaf: ( shoot )  Cycle: 14244
Hadaf: ( stop )  Cycle: 14237
Hadaf: ( forward )  Cycle: 14237
Hadaf: ( shoot )  Cycle: 14237
Hadaf: ( stop )  Cycle: 14237
Hadaf: ( forward )  Cycle: 14237
Hadaf: ( turnl )  Cycle: 14231
Hadaf: ( shoot )  Cycle: 14224
Hadaf: ( shoot )  Cycle: 14224
Hadaf: ( stop )  Cycle: 14218
Hadaf: ( forward )  Cycle: 14218
Hadaf: ( turnr )  Cycle: 14218
Hadaf: ( shoot )  Cycle: 14204
Hadaf: ( stop )  Cycle: 14204
Hadaf: ( forward )  Cycle: 14204
Hadaf: ( turnl )  Cycle: 14204
Hadaf: ( shoot )  Cycle: 14204
Hadaf: ( shoot )  Cycle: 14198
Hadaf: ( stop )  Cycle: 14191
Hadaf: ( forward )  Cycle: 14191
Hadaf: ( turnr )  Cycle: 14191
Hadaf: ( shoot )  Cycle: 14178
Hadaf: ( stop )  Cycle: 14178
Hadaf: ( forward )  Cycle: 14178
Hadaf: ( turnl )  Cycle: 14178
Hadaf: ( shoot )  Cycle: 14178
Hadaf: ( stop )  Cycle: 14171
Hadaf: ( forward )  Cycle: 14171
Hadaf: ( backward )  Cycle: 14171
Hadaf: ( shoot )  Cycle: 14171
Hadaf: ( shoot )  Cycle: 14165
Hadaf: ( stop )  Cycle: 14165
Hadaf: ( forward )  Cycle: 14159
Hadaf: ( shoot )  Cycle: 14159
Hadaf: ( turnr )  Cycle: 14159
Hadaf: ( stop )  Cycle: 14152
Hadaf: ( shoot )  Cycle: 14152
Hadaf: ( forward )  Cycle: 14152
Hadaf: ( backward )  Cycle: 14152
Hadaf: ( shoot )  Cycle: 14145
Hadaf: ( shoot )  Cycle: 14145
Hadaf: ( stop )  Cycle: 14145
Hadaf: ( forward )  Cycle: 14139
Hadaf: ( turnl )  Cycle: 14139
Hadaf: ( shoot )  Cycle: 14139
Hadaf: ( shoot )  Cycle: 14133
Hadaf: ( stop )  Cycle: 14128
Hadaf: ( forward )  Cycle: 14128
Hadaf: ( backward )  Cycle: 14128
Hadaf: ( turnr )  Cycle: 14121
Hadaf: ( shoot )  Cycle: 14109
Hadaf: ( shoot )  Cycle: 14109
Hadaf: ( stop )  Cycle: 14102
Hadaf: ( turnl )  Cycle: 14102
Hadaf: ( shoot )  Cycle: 14096
Hadaf: ( shoot )  Cycle: 14096
Hadaf: ( stop )  Cycle: 14089
Hadaf: ( forward )  Cycle: 14089
Hadaf: ( turnr )  Cycle: 14089
Hadaf: ( shoot )  Cycle: 14089
Hadaf: ( shoot )  Cycle: 14074
Hadaf: ( stop Hadaf: ( forward )  Cycle: 14988
Hadaf: ( turnl )  Cycle: 14988
Hadaf: ( stop )  Cycle: 14872
Hadaf: ( forward )  Cycle: 14872
Hadaf: ( forward )  Cycle: 14872
Hadaf: ( turnl )  Cycle: 14872
Hadaf: ( stop )  Cycle: 14777
Hadaf: ( forward )  Cycle: 14777
Hadaf: ( backward )  Cycle: 14777
Hadaf: ( stop )  Cycle: 14768
Hadaf: ( forward )  Cycle: 14758
Hadaf: ( turnl )  Cycle: 14758
Hadaf: ( stop )  Cycle: 14670
Hadaf: ( forward )  Cycle: 14670
Hadaf: ( backward )  Cycle: 14670
Hadaf: ( stop )  Cycle: 14661
Hadaf: ( forward )  Cycle: 14651
Hadaf: ( turnr )  Cycle: 14651
Hadaf: ( shoot )  Cycle: 14313
Hadaf: ( shoot )  Cycle: 14313
Hadaf: ( stop )  Cycle: 14149
Hadaf: ( forward )  Cycle: 14149
Hadaf: ( backward )  Cycle: 14149
Hadaf: ( turnl )  Cycle: 14140
Hadaf: ( stop )  Cycle: 14121
Hadaf: ( forward )  Cycle: 14121
Hadaf: ( turnl )  Cycle: 14121
Hadaf: ( stop )  Cycle: 13944
Hadaf: ( forward )  Cycle: 13944
Hadaf: ( turnr )  Cycle: 13944
Hadaf: ( stop )  Cycle: 13927
Hadaf: ( forward )  Cycle: 13927
Hadaf: ( turnl )  Cycle: 13927
Hadaf: ( stop )  Cycle: 13861
Hadaf: ( shoot )  Cycle: 13861
Hadaf: ( forward )  Cycle: 13861
Hadaf: ( stop )  Cycle: 13861
Hadaf: ( shoot )  Cycle: 13861
Hadaf: ( forward )  Cycle: 13861
Hadaf: ( turnl )  Cycle: 13852
Hadaf: ( shoot )  Cycle: 13852
Hadaf: ( stop )  Cycle: 13843
Hadaf: ( shoot )  Cycle: 13843
Hadaf: ( forward )  Cycle: 13843
Hadaf: ( stop )  Cycle: 13843
Hadaf: ( forward )  Cycle: 13843
Hadaf: ( shoot )  Cycle: 13834
Hadaf: ( turnr )  Cycle: 13834
Hadaf: ( shoot )  Cycle: 13834
Hadaf: ( stop )  Cycle: 13824
Hadaf: ( forward )  Cycle: 13824
Hadaf: ( stop )  Cycle: 13824
Hadaf: ( shoot )  Cycle: 13824
Hadaf: ( forward )  Cycle: 13824
Hadaf: ( turnl )  Cycle: 13816
Hadaf: ( shoot )  Cycle: 13816
Hadaf: ( stop )  Cycle: 13806
Hadaf: ( shoot )  Cycle: 13806
Hadaf: ( forward )  Cycle: 13806
Hadaf: ( stop )  Cycle: 13806
Hadaf: ( forward )  Cycle: 13806
Hadaf: ( shoot )  Cycle: 13806
Hadaf: ( turnr )  Cycle: 13797
Hadaf: ( shoot )  Cycle: 13797
Hadaf: ( stop )  Cycle: 13788
Hadaf: ( forward )  Cycle: 13788
Hadaf: ( shoot )  Cycle: 13788
Hadaf: ( stop )  Cycle: 13788
Hadaf: ( forward )  Cycle: 13788
Hadaf: ( turnl )  Cycle: 13779
Hadaf: ( shoot )  Cycle: 13779
Hadaf: ( shoot )  Cycle: 13779
Hadaf: ( stop )  Cycle: 13770
Hadaf: ( forward )  Cycle: 13770
Hadaf: ( stop )  Cycle: 13770
Hadaf: ( shoot )  Cycle: 13770
Hadaf: ( forward )  Cycle: 13770
Hadaf: ( turnr )  Cycle: 13760
Hadaf: ( shoot )  Cycle: 13760
Hadaf: ( stop )  Cycle: 13751
Hadaf: ( shoot )  Cycle: 13751
Hadaf: ( forward )  Cycle: 13751
Hadaf: ( stop )  Cycle: 13751
Hadaf: ( forward )  Cycle: 13751
Hadaf: ( shoot )  Cycle: 13751
Hadaf: ( turnl )  Cycle: 13742
Hadaf: ( shoot )  Cycle: 13742
Hadaf: ( stop )  Cycle: 13733
Hadaf: ( forward )  Cycle: 13733
Hadaf: ( shoot )  Cycle: 13733
Hadaf: ( stop )  Cycle: 13733
Hadaf: ( forward )  Cycle: 13733
Hadaf: ( turnr )  Cycle: 13724
Hadaf: ( shoot )  Cycle: 13724
Hadaf: ( shoot )  Cycle: 13724
Hadaf: ( stop )  Cycle: 13714
Hadaf: ( forward )  Cycle: 13714
Hadaf: ( stop )  Cycle: 13714
Hadaf: ( shoot )  Cycle: 13714
Hadaf: ( forward )  Cycle: 13714
Hadaf: ( turnl )  Cycle: 13705
Hadaf: ( shoot )  Cycle: 13705
Hadaf: ( stop )  Cycle: 13695
Hadaf: ( shoot )  Cycle: 13695
Hadaf: ( forward )  Cycle: 13695
Hadaf: ( stop )  Cycle: 13695
Hadaf: ( forward )  Cycle: 13695
Hadaf: ( shoot )  Cycle: 13695
Hadaf: ( turnr )  Cycle: 13687
Hadaf: ( shoot )  Cycle: 13687
Hadaf: ( stop )  Cycle: 13677
Hadaf: ( forward )  Cycle: 13677
Hadaf: ( shoot )  Cycle: 13677
Hadaf: ( stop )  Cycle: 13677
Hadaf: ( forward )  Cycle: 13677
Hadaf: ( turnl )  Cycle: 13668
Hadaf: ( shoot )  Cycle: 13668
Hadaf: ( shoot )  Cycle: 13668
Hadaf: ( stop )  Cycle: 13660
Hadaf: ( forward )  Cycle: 13660
Hadaf: ( stop )  Cycle: 13660
Hadaf: ( shoot )  Cycle: 13660
Hadaf: ( forward )  Cycle: 13660
Hadaf: ( turnr )  Cycle: 13651
Hadaf: ( shoot )  Cycle: 13651
Hadaf: ( stop )  Cycle: 13642
Hadaf: ( shoot )  CHadaf: ( forward )  Cycle: 14989
Hadaf: ( turnr )  Cycle: 14989
Hadaf: ( stop )  Cycle: 14891
Hadaf: ( forward )  Cycle: 14891
Hadaf: ( forward )  Cycle: 14862
Hadaf: ( turnl )  Cycle: 14862
Hadaf: ( shoot )  Cycle: 14430
Hadaf: ( graner )  Cycle: 14430
Hadaf: ( shoot )  Cycle: 14421
Hadaf: ( graner )  Cycle: 14411
Hadaf: ( stop )  Cycle: 14363
Hadaf: ( forward )  Cycle: 14363
Hadaf: ( stop )  Cycle: 14354
Hadaf: ( forward )  Cycle: 14354
Hadaf: ( turnr )  Cycle: 14344
Hadaf: ( stop )  Cycle: 14276
Hadaf: ( shoot )  Cycle: 14276
Hadaf: ( forward )  Cycle: 14276
Hadaf: ( graner )  Cycle: 14276
Hadaf: ( stop )  Cycle: 14266
Hadaf: ( shoot )  Cycle: 14266
Hadaf: ( forward )  Cycle: 14266
Hadaf: ( turnr )  Cycle: 14257
Hadaf: ( graner )  Cycle: 14257
Hadaf: ( stop )  Cycle: 14247
Hadaf: ( forward )  Cycle: 14247
Hadaf: ( turnl )  Cycle: 14238
Hadaf: ( shoot )  Cycle: 14228
Hadaf: ( graner )  Cycle: 14228
Hadaf: ( stop )  Cycle: 14219
Hadaf: ( forward )  Cycle: 14219
Hadaf: ( shoot )  Cycle: 14219
Hadaf: ( turnr )  Cycle: 14209
Hadaf: ( graner )  Cycle: 14209
Hadaf: ( stop )  Cycle: 14200
Hadaf: ( shoot )  Cycle: 14200
Hadaf: ( forward )  Cycle: 14200
Hadaf: ( graner )  Cycle: 14200
Hadaf: ( stop )  Cycle: 14190
Hadaf: ( shoot )  Cycle: 14190
Hadaf: ( forward )  Cycle: 14190
Hadaf: ( graner )  Cycle: 14181
Hadaf: ( turnl )  Cycle: 14181
Hadaf: ( stop )  Cycle: 14171
Hadaf: ( shoot )  Cycle: 14171
Hadaf: ( forward )  Cycle: 14171
Hadaf: ( graner )  Cycle: 14171
Hadaf: ( turnr )  Cycle: 14162
Hadaf: ( shoot )  Cycle: 14153
Hadaf: ( stop )  Cycle: 14153
Hadaf: ( graner )  Cycle: 14153
Hadaf: ( forward )  Cycle: 14153
Hadaf: ( turnl )  Cycle: 14144
Hadaf: ( shoot )  Cycle: 14144
Hadaf: ( stop )  Cycle: 14136
Hadaf: ( graner )  Cycle: 14136
Hadaf: ( forward )  Cycle: 14136
Hadaf: ( shoot )  Cycle: 14127
Hadaf: ( stop )  Cycle: 14127
Hadaf: ( graner )  Cycle: 14127
Hadaf: ( forward )  Cycle: 14127
Hadaf: ( turnr )  Cycle: 14118
Hadaf: ( shoot )  Cycle: 14118
Hadaf: ( stop )  Cycle: 14108
Hadaf: ( graner )  Cycle: 14108
Hadaf: ( forward )  Cycle: 14108
Hadaf: ( stop )  Cycle: 14098
Hadaf: ( shoot )  Cycle: 14098
Hadaf: ( forward )  Cycle: 14098
Hadaf: ( turnl )  Cycle: 14089
Hadaf: ( shoot )  Cycle: 14089
Hadaf: ( stop )  Cycle: 14079
Hadaf: ( shoot )  Cycle: 14079
Hadaf: ( forward )  Cycle: 14079
Hadaf: ( stop )  Cycle: 14070
Hadaf: ( shoot )  Cycle: 14070
Hadaf: ( forward )  Cycle: 14070
Hadaf: ( turnr )  Cycle: 14060
Hadaf: ( shoot )  Cycle: 14060
Hadaf: ( stop )  Cycle: 14050
Hadaf: ( shoot )  Cycle: 14050
Hadaf: ( forward )  Cycle: 14050
Hadaf: ( stop )  Cycle: 14041
Hadaf: ( shoot )  Cycle: 14041
Hadaf: ( forward )  Cycle: 14041
Hadaf: ( turnl )  Cycle: 14032
Hadaf: ( shoot )  Cycle: 14032
Hadaf: ( stop )  Cycle: 14022
Hadaf: ( shoot )  Cycle: 14022
Hadaf: ( forward )  Cycle: 14022
Hadaf: ( stop )  Cycle: 14013
Hadaf: ( shoot )  Cycle: 14013
Hadaf: ( forward )  Cycle: 14013
Hadaf: ( turnr )  Cycle: 14004
Hadaf: ( shoot )  Cycle: 14004
Hadaf: ( stop )  Cycle: 13995
Hadaf: ( shoot )  Cycle: 13994
Hadaf: ( forward )  Cycle: 13994
Hadaf: ( stop )  Cycle: 13985
Hadaf: ( shoot )  Cycle: 13985
Hadaf: ( forward )  Cycle: 13985
Hadaf: ( turnl )  Cycle: 13983
Hadaf: ( shoot )  Cycle: 13975
Hadaf: ( stop )  Cycle: 13965
Hadaf: ( shoot )  Cycle: 13965
Hadaf: ( forward )  Cycle: 13965
Hadaf: ( stop )  Cycle: 13956
Hadaf: ( shoot )  Cycle: 13956
Hadaf: ( forward )  Cycle: 13956
Hadaf: ( turnr )  Cycle: 13947
Hadaf: ( shoot )  Cycle: 13947
Hadaf: ( stop )  Cycle: 13937
Hadaf: ( shoot )  Cycle: 13937
Hadaf: ( forward )  Cycle: 13937
Hadaf: ( stop )  Cycle: 13928
Hadaf: ( shoot )  Cycle: 13928
Hadaf: ( forward )  Cycle: 13928
Hadaf: ( turnl )  Cycle: 13918
Hadaf: ( shoot )  Cycle: 13918
Hadaf: ( stop )  Cycle: 13908
Hadaf: ( shoot )  Cycle: 13908
Hadaf: ( forward )  Cycle: 13908
Hadaf: ( stop )  Cycle: 13898
Hadaf: ( shoot )  Cycle: 13898
Hadaf: ( forward )  Cycle: 13898
Hadaf: ( turnr )  Cycle: 13889
Hadaf: ( shoot )  